{"meta": {"format": 3, "version": "7.13.4", "timestamp": "2026-03-06T00:42:40.601592", "branch_coverage": true, "show_contexts": false}, "files": {"src/neural_memory/integration/__init__.py": {"executed_lines": [7, 8, 14, 15, 24, 26], "summary": {"covered_lines": 6, "num_statements": 6, "percent_covered": 100.0, "percent_covered_display": "100", "missing_lines": 0, "excluded_lines": 0, "percent_statements_covered": 100.0, "percent_statements_covered_display": "100", "num_branches": 0, "num_partial_branches": 0, "covered_branches": 0, "missing_branches": 0, "percent_branches_covered": 100.0, "percent_branches_covered_display": "100"}, "missing_lines": [], "excluded_lines": [], "executed_branches": [], "missing_branches": [], "functions": {"": {"executed_lines": [7, 8, 14, 15, 24, 26], "summary": {"covered_lines": 6, "num_statements": 6, "percent_covered": 100.0, "percent_covered_display": "100", "missing_lines": 0, "excluded_lines": 0, "percent_statements_covered": 100.0, "percent_statements_covered_display": "100", "num_branches": 0, "num_partial_branches": 0, "covered_branches": 0, "missing_branches": 0, "percent_branches_covered": 100.0, "percent_branches_covered_display": "100"}, "missing_lines": [], "excluded_lines": [], "start_line": 1, "executed_branches": [], "missing_branches": []}}, "classes": {"": {"executed_lines": [7, 8, 14, 15, 24, 26], "summary": {"covered_lines": 6, "num_statements": 6, "percent_covered": 100.0, "percent_covered_display": "100", "missing_lines": 0, "excluded_lines": 0, "percent_statements_covered": 100.0, "percent_statements_covered_display": "100", "num_branches": 0, "num_partial_branches": 0, "covered_branches": 0, "missing_branches": 0, "percent_branches_covered": 100.0, "percent_branches_covered_display": "100"}, "missing_lines": [], "excluded_lines": [], "start_line": 1, "executed_branches": [], "missing_branches": []}}}, "src/neural_memory/integration/adapter.py": {"executed_lines": [3, 5, 6, 8, 15, 16, 23, 24, 28, 29, 33, 34, 38, 54, 72, 82, 103, 126], "summary": {"covered_lines": 18, "num_statements": 27, "percent_covered": 66.66666666666667, "percent_covered_display": "67", "missing_lines": 9, "excluded_lines": 0, "percent_statements_covered": 66.66666666666667, "percent_statements_covered_display": "67", "num_branches": 0, "num_partial_branches": 0, "covered_branches": 0, "missing_branches": 0, "percent_branches_covered": 100.0, "percent_branches_covered_display": "100"}, "missing_lines": [26, 31, 36, 52, 70, 78, 101, 124, 141], "excluded_lines": [], "executed_branches": [], "missing_branches": [], "functions": {"SourceAdapter.system_type": {"executed_lines": [], "summary": {"covered_lines": 0, "num_statements": 1, "percent_covered": 0.0, "percent_covered_display": "0", "missing_lines": 1, "excluded_lines": 0, "percent_statements_covered": 0.0, "percent_statements_covered_display": "0", "num_branches": 0, "num_partial_branches": 0, "covered_branches": 0, "missing_branches": 0, "percent_branches_covered": 100.0, "percent_branches_covered_display": "100"}, "missing_lines": [26], "excluded_lines": [], "start_line": 24, "executed_branches": [], "missing_branches": []}, "SourceAdapter.system_name": {"executed_lines": [], "summary": {"covered_lines": 0, "num_statements": 1, "percent_covered": 0.0, "percent_covered_display": "0", "missing_lines": 1, "excluded_lines": 0, "percent_statements_covered": 0.0, "percent_statements_covered_display": "0", "num_branches": 0, "num_partial_branches": 0, "covered_branches": 0, "missing_branches": 0, "percent_branches_covered": 100.0, "percent_branches_covered_display": "100"}, "missing_lines": [31], "excluded_lines": [], "start_line": 29, "executed_branches": [], "missing_branches": []}, "SourceAdapter.capabilities": {"executed_lines": [], "summary": {"covered_lines": 0, "num_statements": 1, "percent_covered": 0.0, "percent_covered_display": "0", "missing_lines": 1, "excluded_lines": 0, "percent_statements_covered": 0.0, "percent_statements_covered_display": "0", "num_branches": 0, "num_partial_branches": 0, "covered_branches": 0, "missing_branches": 0, "percent_branches_covered": 100.0, "percent_branches_covered_display": "100"}, "missing_lines": [36], "excluded_lines": [], "start_line": 34, "executed_branches": [], "missing_branches": []}, "SourceAdapter.fetch_all": {"executed_lines": [], "summary": {"covered_lines": 0, "num_statements": 1, "percent_covered": 0.0, "percent_covered_display": "0", "missing_lines": 1, "excluded_lines": 0, "percent_statements_covered": 0.0, "percent_statements_covered_display": "0", "num_branches": 0, "num_partial_branches": 0, "covered_branches": 0, "missing_branches": 0, "percent_branches_covered": 100.0, "percent_branches_covered_display": "100"}, "missing_lines": [52], "excluded_lines": [], "start_line": 38, "executed_branches": [], "missing_branches": []}, "SourceAdapter.fetch_since": {"executed_lines": [], "summary": {"covered_lines": 0, "num_statements": 1, "percent_covered": 0.0, "percent_covered_display": "0", "missing_lines": 1, "excluded_lines": 0, "percent_statements_covered": 0.0, "percent_statements_covered_display": "0", "num_branches": 0, "num_partial_branches": 0, "covered_branches": 0, "missing_branches": 0, "percent_branches_covered": 100.0, "percent_branches_covered_display": "100"}, "missing_lines": [70], "excluded_lines": [], "start_line": 54, "executed_branches": [], "missing_branches": []}, "SourceAdapter.health_check": {"executed_lines": [], "summary": {"covered_lines": 0, "num_statements": 1, "percent_covered": 0.0, "percent_covered_display": "0", "missing_lines": 1, "excluded_lines": 0, "percent_statements_covered": 0.0, "percent_statements_covered_display": "0", "num_branches": 0, "num_partial_branches": 0, "covered_branches": 0, "missing_branches": 0, "percent_branches_covered": 100.0, "percent_branches_covered_display": "100"}, "missing_lines": [78], "excluded_lines": [], "start_line": 72, "executed_branches": [], "missing_branches": []}, "SourceAdapter.create_record": {"executed_lines": [], "summary": {"covered_lines": 0, "num_statements": 1, "percent_covered": 0.0, "percent_covered_display": "0", "missing_lines": 1, "excluded_lines": 0, "percent_statements_covered": 0.0, "percent_statements_covered_display": "0", "num_branches": 0, "num_partial_branches": 0, "covered_branches": 0, "missing_branches": 0, "percent_branches_covered": 100.0, "percent_branches_covered_display": "100"}, "missing_lines": [101], "excluded_lines": [], "start_line": 82, "executed_branches": [], "missing_branches": []}, "SourceAdapter.update_record": {"executed_lines": [], "summary": {"covered_lines": 0, "num_statements": 1, "percent_covered": 0.0, "percent_covered_display": "0", "missing_lines": 1, "excluded_lines": 0, "percent_statements_covered": 0.0, "percent_statements_covered_display": "0", "num_branches": 0, "num_partial_branches": 0, "covered_branches": 0, "missing_branches": 0, "percent_branches_covered": 100.0, "percent_branches_covered_display": "100"}, "missing_lines": [124], "excluded_lines": [], "start_line": 103, "executed_branches": [], "missing_branches": []}, "SourceAdapter.delete_record": {"executed_lines": [], "summary": {"covered_lines": 0, "num_statements": 1, "percent_covered": 0.0, "percent_covered_display": "0", "missing_lines": 1, "excluded_lines": 0, "percent_statements_covered": 0.0, "percent_statements_covered_display": "0", "num_branches": 0, "num_partial_branches": 0, "covered_branches": 0, "missing_branches": 0, "percent_branches_covered": 100.0, "percent_branches_covered_display": "100"}, "missing_lines": [141], "excluded_lines": [], "start_line": 126, "executed_branches": [], "missing_branches": []}, "": {"executed_lines": [3, 5, 6, 8, 15, 16, 23, 24, 28, 29, 33, 34, 38, 54, 72, 82, 103, 126], "summary": {"covered_lines": 18, "num_statements": 18, "percent_covered": 100.0, "percent_covered_display": "100", "missing_lines": 0, "excluded_lines": 0, "percent_statements_covered": 100.0, "percent_statements_covered_display": "100", "num_branches": 0, "num_partial_branches": 0, "covered_branches": 0, "missing_branches": 0, "percent_branches_covered": 100.0, "percent_branches_covered_display": "100"}, "missing_lines": [], "excluded_lines": [], "start_line": 1, "executed_branches": [], "missing_branches": []}}, "classes": {"SourceAdapter": {"executed_lines": [], "summary": {"covered_lines": 0, "num_statements": 9, "percent_covered": 0.0, "percent_covered_display": "0", "missing_lines": 9, "excluded_lines": 0, "percent_statements_covered": 0.0, "percent_statements_covered_display": "0", "num_branches": 0, "num_partial_branches": 0, "covered_branches": 0, "missing_branches": 0, "percent_branches_covered": 100.0, "percent_branches_covered_display": "100"}, "missing_lines": [26, 31, 36, 52, 70, 78, 101, 124, 141], "excluded_lines": [], "start_line": 16, "executed_branches": [], "missing_branches": []}, "": {"executed_lines": [3, 5, 6, 8, 15, 16, 23, 24, 28, 29, 33, 34, 38, 54, 72, 82, 103, 126], "summary": {"covered_lines": 18, "num_statements": 18, "percent_covered": 100.0, "percent_covered_display": "100", "missing_lines": 0, "excluded_lines": 0, "percent_statements_covered": 100.0, "percent_statements_covered_display": "100", "num_branches": 0, "num_partial_branches": 0, "covered_branches": 0, "missing_branches": 0, "percent_branches_covered": 100.0, "percent_branches_covered_display": "100"}, "missing_lines": [], "excluded_lines": [], "start_line": 1, "executed_branches": [], "missing_branches": []}}}, "src/neural_memory/integration/adapters/__init__.py": {"executed_lines": [3, 5, 7, 10, 13, 15, 18, 31, 33, 34, 36, 37, 39, 42, 44, 57, 70, 83, 93, 106, 119, 132, 135, 137, 138], "summary": {"covered_lines": 25, "num_statements": 74, "percent_covered": 39.130434782608695, "percent_covered_display": "39", "missing_lines": 49, "excluded_lines": 0, "percent_statements_covered": 33.78378378378378, "percent_statements_covered_display": "34", "num_branches": 18, "num_partial_branches": 7, "covered_branches": 11, "missing_branches": 7, "percent_branches_covered": 61.111111111111114, "percent_branches_covered_display": "61"}, "missing_lines": [45, 46, 48, 49, 50, 51, 55, 58, 59, 61, 62, 63, 64, 68, 71, 72, 74, 75, 76, 77, 81, 84, 85, 87, 88, 89, 90, 91, 94, 95, 97, 98, 99, 100, 104, 107, 108, 110, 111, 112, 113, 117, 120, 121, 123, 124, 125, 126, 130], "excluded_lines": [], "executed_branches": [[33, 34], [33, 36], [36, 37], [36, 39], [44, 57], [57, 70], [70, 83], [83, 93], [93, 106], [106, 119], [119, 132]], "missing_branches": [[44, 45], [57, 58], [70, 71], [83, 84], [93, 94], [106, 107], [119, 120]], "functions": {"register_adapter": {"executed_lines": [15], "summary": {"covered_lines": 1, "num_statements": 1, "percent_covered": 100.0, "percent_covered_display": "100", "missing_lines": 0, "excluded_lines": 0, "percent_statements_covered": 100.0, "percent_statements_covered_display": "100", "num_branches": 0, "num_partial_branches": 0, "covered_branches": 0, "missing_branches": 0, "percent_branches_covered": 100.0, "percent_branches_covered_display": "100"}, "missing_lines": [], "excluded_lines": [], "start_line": 13, "executed_branches": [], "missing_branches": []}, "get_adapter": {"executed_lines": [31, 33, 34, 36, 37, 39], "summary": {"covered_lines": 6, "num_statements": 6, "percent_covered": 100.0, "percent_covered_display": "100", "missing_lines": 0, "excluded_lines": 0, "percent_statements_covered": 100.0, "percent_statements_covered_display": "100", "num_branches": 4, "num_partial_branches": 0, "covered_branches": 4, "missing_branches": 0, "percent_branches_covered": 100.0, "percent_branches_covered_display": "100"}, "missing_lines": [], "excluded_lines": [], "start_line": 18, "executed_branches": [[33, 34], [33, 36], [36, 37], [36, 39]], "missing_branches": []}, "_lazy_load_adapter": {"executed_lines": [44, 57, 70, 83, 93, 106, 119, 132], "summary": {"covered_lines": 8, "num_statements": 57, "percent_covered": 21.12676056338028, "percent_covered_display": "21", "missing_lines": 49, "excluded_lines": 0, "percent_statements_covered": 14.035087719298245, "percent_statements_covered_display": "14", "num_branches": 14, "num_partial_branches": 7, "covered_branches": 7, "missing_branches": 7, "percent_branches_covered": 50.0, "percent_branches_covered_display": "50"}, "missing_lines": [45, 46, 48, 49, 50, 51, 55, 58, 59, 61, 62, 63, 64, 68, 71, 72, 74, 75, 76, 77, 81, 84, 85, 87, 88, 89, 90, 91, 94, 95, 97, 98, 99, 100, 104, 107, 108, 110, 111, 112, 113, 117, 120, 121, 123, 124, 125, 126, 130], "excluded_lines": [], "start_line": 42, "executed_branches": [[44, 57], [57, 70], [70, 83], [83, 93], [93, 106], [106, 119], [119, 132]], "missing_branches": [[44, 45], [57, 58], [70, 71], [83, 84], [93, 94], [106, 107], [119, 120]]}, "list_adapters": {"executed_lines": [137, 138], "summary": {"covered_lines": 2, "num_statements": 2, "percent_covered": 100.0, "percent_covered_display": "100", "missing_lines": 0, "excluded_lines": 0, "percent_statements_covered": 100.0, "percent_statements_covered_display": "100", "num_branches": 0, "num_partial_branches": 0, "covered_branches": 0, "missing_branches": 0, "percent_branches_covered": 100.0, "percent_branches_covered_display": "100"}, "missing_lines": [], "excluded_lines": [], "start_line": 135, "executed_branches": [], "missing_branches": []}, "": {"executed_lines": [3, 5, 7, 10, 13, 18, 42, 135], "summary": {"covered_lines": 8, "num_statements": 8, "percent_covered": 100.0, "percent_covered_display": "100", "missing_lines": 0, "excluded_lines": 0, "percent_statements_covered": 100.0, "percent_statements_covered_display": "100", "num_branches": 0, "num_partial_branches": 0, "covered_branches": 0, "missing_branches": 0, "percent_branches_covered": 100.0, "percent_branches_covered_display": "100"}, "missing_lines": [], "excluded_lines": [], "start_line": 1, "executed_branches": [], "missing_branches": []}}, "classes": {"": {"executed_lines": [3, 5, 7, 10, 13, 15, 18, 31, 33, 34, 36, 37, 39, 42, 44, 57, 70, 83, 93, 106, 119, 132, 135, 137, 138], "summary": {"covered_lines": 25, "num_statements": 74, "percent_covered": 39.130434782608695, "percent_covered_display": "39", "missing_lines": 49, "excluded_lines": 0, "percent_statements_covered": 33.78378378378378, "percent_statements_covered_display": "34", "num_branches": 18, "num_partial_branches": 7, "covered_branches": 11, "missing_branches": 7, "percent_branches_covered": 61.111111111111114, "percent_branches_covered_display": "61"}, "missing_lines": [45, 46, 48, 49, 50, 51, 55, 58, 59, 61, 62, 63, 64, 68, 71, 72, 74, 75, 76, 77, 81, 84, 85, 87, 88, 89, 90, 91, 94, 95, 97, 98, 99, 100, 104, 107, 108, 110, 111, 112, 113, 117, 120, 121, 123, 124, 125, 126, 130], "excluded_lines": [], "start_line": 1, "executed_branches": [[33, 34], [33, 36], [36, 37], [36, 39], [44, 57], [57, 70], [70, 83], [83, 93], [93, 106], [106, 119], [119, 132]], "missing_branches": [[44, 45], [57, 58], [70, 71], [83, 84], [93, 94], [106, 107], [119, 120]]}}}, "src/neural_memory/integration/adapters/awf_adapter.py": {"executed_lines": [9, 11, 12, 13, 14, 15, 17, 23, 26, 39, 40, 41, 42, 43, 45, 46, 47, 49, 50, 51, 53, 54, 55, 63, 74, 76, 77, 79, 80, 82, 83, 85, 86, 88, 90, 101, 103, 110, 111, 118, 119, 120, 121, 133, 135, 136, 137, 139, 140, 145, 146, 149, 150, 151, 152, 153, 154, 155, 156, 157, 170, 171, 172, 173, 174, 175, 176, 177, 182, 183, 195, 197, 199, 200, 201, 203, 204, 209, 210, 213, 214, 215, 216, 217, 218, 219, 220, 221, 222, 223, 224, 225, 227, 228, 241, 242, 243, 244, 245, 246, 247, 248, 253, 254, 267, 268, 269, 282, 283, 284, 296, 298, 300, 301, 302, 304, 305, 307, 308, 309, 314, 317, 318, 319, 320, 335], "summary": {"covered_lines": 126, "num_statements": 143, "percent_covered": 82.93838862559242, "percent_covered_display": "83", "missing_lines": 17, "excluded_lines": 1, "percent_statements_covered": 88.1118881118881, "percent_statements_covered_display": "88", "num_branches": 68, "num_partial_branches": 19, "covered_branches": 49, "missing_branches": 19, "percent_branches_covered": 72.05882352941177, "percent_branches_covered_display": "72"}, "missing_lines": [104, 112, 126, 127, 141, 142, 143, 179, 180, 205, 206, 207, 250, 251, 310, 311, 312], "excluded_lines": [97], "executed_branches": [[41, 42], [41, 43], [76, 77], [76, 79], [79, 80], [79, 82], [82, 83], [82, 85], [85, 86], [85, 88], [103, 110], [111, 118], [136, 137], [136, 139], [150, 151], [153, 154], [155, 156], [170, 171], [170, 195], [171, 172], [175, 176], [182, 183], [200, 201], [200, 203], [214, 215], [219, 220], [221, 222], [224, 225], [227, 228], [241, 242], [241, 267], [242, 243], [246, 247], [246, 248], [253, 254], [267, 268], [267, 282], [268, 269], [282, 283], [282, 296], [283, 284], [301, 302], [301, 304], [307, 308], [307, 335], [317, 318], [318, 307], [318, 319], [319, 320]], "missing_branches": [[103, 104], [111, 112], [150, 170], [153, 170], [155, 157], [171, 179], [175, 177], [182, 170], [214, 241], [219, 221], [221, 223], [224, 227], [227, 241], [242, 250], [253, 241], [268, 267], [283, 282], [317, 307], [319, 318]], "functions": {"AWFAdapter.__init__": {"executed_lines": [40, 41, 42, 43], "summary": {"covered_lines": 4, "num_statements": 4, "percent_covered": 100.0, "percent_covered_display": "100", "missing_lines": 0, "excluded_lines": 0, "percent_statements_covered": 100.0, "percent_statements_covered_display": "100", "num_branches": 2, "num_partial_branches": 0, "covered_branches": 2, "missing_branches": 0, "percent_branches_covered": 100.0, "percent_branches_covered_display": "100"}, "missing_lines": [], "excluded_lines": [], "start_line": 39, "executed_branches": [[41, 42], [41, 43]], "missing_branches": []}, "AWFAdapter.system_type": {"executed_lines": [47], "summary": {"covered_lines": 1, "num_statements": 1, "percent_covered": 100.0, "percent_covered_display": "100", "missing_lines": 0, "excluded_lines": 0, "percent_statements_covered": 100.0, "percent_statements_covered_display": "100", "num_branches": 0, "num_partial_branches": 0, "covered_branches": 0, "missing_branches": 0, "percent_branches_covered": 100.0, "percent_branches_covered_display": "100"}, "missing_lines": [], "excluded_lines": [], "start_line": 46, "executed_branches": [], "missing_branches": []}, "AWFAdapter.system_name": {"executed_lines": [51], "summary": {"covered_lines": 1, "num_statements": 1, "percent_covered": 100.0, "percent_covered_display": "100", "missing_lines": 0, "excluded_lines": 0, "percent_statements_covered": 100.0, "percent_statements_covered_display": "100", "num_branches": 0, "num_partial_branches": 0, "covered_branches": 0, "missing_branches": 0, "percent_branches_covered": 100.0, "percent_branches_covered_display": "100"}, "missing_lines": [], "excluded_lines": [], "start_line": 50, "executed_branches": [], "missing_branches": []}, "AWFAdapter.capabilities": {"executed_lines": [55], "summary": {"covered_lines": 1, "num_statements": 1, "percent_covered": 100.0, "percent_covered_display": "100", "missing_lines": 0, "excluded_lines": 0, "percent_statements_covered": 100.0, "percent_statements_covered_display": "100", "num_branches": 0, "num_partial_branches": 0, "covered_branches": 0, "missing_branches": 0, "percent_branches_covered": 100.0, "percent_branches_covered_display": "100"}, "missing_lines": [], "excluded_lines": [], "start_line": 54, "executed_branches": [], "missing_branches": []}, "AWFAdapter.fetch_all": {"executed_lines": [74, 76, 77, 79, 80, 82, 83, 85, 86, 88], "summary": {"covered_lines": 10, "num_statements": 10, "percent_covered": 100.0, "percent_covered_display": "100", "missing_lines": 0, "excluded_lines": 0, "percent_statements_covered": 100.0, "percent_statements_covered_display": "100", "num_branches": 8, "num_partial_branches": 0, "covered_branches": 8, "missing_branches": 0, "percent_branches_covered": 100.0, "percent_branches_covered_display": "100"}, "missing_lines": [], "excluded_lines": [], "start_line": 63, "executed_branches": [[76, 77], [76, 79], [79, 80], [79, 82], [82, 83], [82, 85], [85, 86], [85, 88]], "missing_branches": []}, "AWFAdapter.fetch_since": {"executed_lines": [], "summary": {"covered_lines": 0, "num_statements": 0, "percent_covered": 100.0, "percent_covered_display": "100", "missing_lines": 0, "excluded_lines": 1, "percent_statements_covered": 100.0, "percent_statements_covered_display": "100", "num_branches": 0, "num_partial_branches": 0, "covered_branches": 0, "missing_branches": 0, "percent_branches_covered": 100.0, "percent_branches_covered_display": "100"}, "missing_lines": [], "excluded_lines": [97], "start_line": 90, "executed_branches": [], "missing_branches": []}, "AWFAdapter.health_check": {"executed_lines": [103, 110, 111, 118, 119, 120, 121], "summary": {"covered_lines": 7, "num_statements": 11, "percent_covered": 60.0, "percent_covered_display": "60", "missing_lines": 4, "excluded_lines": 0, "percent_statements_covered": 63.63636363636363, "percent_statements_covered_display": "64", "num_branches": 4, "num_partial_branches": 2, "covered_branches": 2, "missing_branches": 2, "percent_branches_covered": 50.0, "percent_branches_covered_display": "50"}, "missing_lines": [104, 112, 126, 127], "excluded_lines": [], "start_line": 101, "executed_branches": [[103, 110], [111, 118]], "missing_branches": [[103, 104], [111, 112]]}, "AWFAdapter._parse_brain_json": {"executed_lines": [135, 136, 137, 139, 140, 145, 146, 149, 150, 151, 152, 153, 154, 155, 156, 157, 170, 171, 172, 173, 174, 175, 176, 177, 182, 183, 195], "summary": {"covered_lines": 27, "num_statements": 32, "percent_covered": 77.08333333333333, "percent_covered_display": "77", "missing_lines": 5, "excluded_lines": 0, "percent_statements_covered": 84.375, "percent_statements_covered_display": "84", "num_branches": 16, "num_partial_branches": 6, "covered_branches": 10, "missing_branches": 6, "percent_branches_covered": 62.5, "percent_branches_covered_display": "62"}, "missing_lines": [141, 142, 143, 179, 180], "excluded_lines": [], "start_line": 133, "executed_branches": [[136, 137], [136, 139], [150, 151], [153, 154], [155, 156], [170, 171], [170, 195], [171, 172], [175, 176], [182, 183]], "missing_branches": [[150, 170], [153, 170], [155, 157], [171, 179], [175, 177], [182, 170]]}, "AWFAdapter._parse_session_json": {"executed_lines": [199, 200, 201, 203, 204, 209, 210, 213, 214, 215, 216, 217, 218, 219, 220, 221, 222, 223, 224, 225, 227, 228, 241, 242, 243, 244, 245, 246, 247, 248, 253, 254, 267, 268, 269, 282, 283, 284, 296], "summary": {"covered_lines": 39, "num_statements": 44, "percent_covered": 80.55555555555556, "percent_covered_display": "81", "missing_lines": 5, "excluded_lines": 0, "percent_statements_covered": 88.63636363636364, "percent_statements_covered_display": "89", "num_branches": 28, "num_partial_branches": 9, "covered_branches": 19, "missing_branches": 9, "percent_branches_covered": 67.85714285714286, "percent_branches_covered_display": "68"}, "missing_lines": [205, 206, 207, 250, 251], "excluded_lines": [], "start_line": 197, "executed_branches": [[200, 201], [200, 203], [214, 215], [219, 220], [221, 222], [224, 225], [227, 228], [241, 242], [241, 267], [242, 243], [246, 247], [246, 248], [253, 254], [267, 268], [267, 282], [268, 269], [282, 283], [282, 296], [283, 284]], "missing_branches": [[214, 241], [219, 221], [221, 223], [224, 227], [227, 241], [242, 250], [253, 241], [268, 267], [283, 282]]}, "AWFAdapter._parse_snapshots": {"executed_lines": [300, 301, 302, 304, 305, 307, 308, 309, 314, 317, 318, 319, 320, 335], "summary": {"covered_lines": 14, "num_statements": 17, "percent_covered": 81.48148148148148, "percent_covered_display": "81", "missing_lines": 3, "excluded_lines": 0, "percent_statements_covered": 82.3529411764706, "percent_statements_covered_display": "82", "num_branches": 10, "num_partial_branches": 2, "covered_branches": 8, "missing_branches": 2, "percent_branches_covered": 80.0, "percent_branches_covered_display": "80"}, "missing_lines": [310, 311, 312], "excluded_lines": [], "start_line": 298, "executed_branches": [[301, 302], [301, 304], [307, 308], [307, 335], [317, 318], [318, 307], [318, 319], [319, 320]], "missing_branches": [[317, 307], [319, 318]]}, "": {"executed_lines": [9, 11, 12, 13, 14, 15, 17, 23, 26, 39, 45, 46, 49, 50, 53, 54, 63, 90, 101, 133, 197, 298], "summary": {"covered_lines": 22, "num_statements": 22, "percent_covered": 100.0, "percent_covered_display": "100", "missing_lines": 0, "excluded_lines": 0, "percent_statements_covered": 100.0, "percent_statements_covered_display": "100", "num_branches": 0, "num_partial_branches": 0, "covered_branches": 0, "missing_branches": 0, "percent_branches_covered": 100.0, "percent_branches_covered_display": "100"}, "missing_lines": [], "excluded_lines": [], "start_line": 1, "executed_branches": [], "missing_branches": []}}, "classes": {"AWFAdapter": {"executed_lines": [40, 41, 42, 43, 47, 51, 55, 74, 76, 77, 79, 80, 82, 83, 85, 86, 88, 103, 110, 111, 118, 119, 120, 121, 135, 136, 137, 139, 140, 145, 146, 149, 150, 151, 152, 153, 154, 155, 156, 157, 170, 171, 172, 173, 174, 175, 176, 177, 182, 183, 195, 199, 200, 201, 203, 204, 209, 210, 213, 214, 215, 216, 217, 218, 219, 220, 221, 222, 223, 224, 225, 227, 228, 241, 242, 243, 244, 245, 246, 247, 248, 253, 254, 267, 268, 269, 282, 283, 284, 296, 300, 301, 302, 304, 305, 307, 308, 309, 314, 317, 318, 319, 320, 335], "summary": {"covered_lines": 104, "num_statements": 121, "percent_covered": 80.95238095238095, "percent_covered_display": "81", "missing_lines": 17, "excluded_lines": 1, "percent_statements_covered": 85.9504132231405, "percent_statements_covered_display": "86", "num_branches": 68, "num_partial_branches": 19, "covered_branches": 49, "missing_branches": 19, "percent_branches_covered": 72.05882352941177, "percent_branches_covered_display": "72"}, "missing_lines": [104, 112, 126, 127, 141, 142, 143, 179, 180, 205, 206, 207, 250, 251, 310, 311, 312], "excluded_lines": [97], "start_line": 26, "executed_branches": [[41, 42], [41, 43], [76, 77], [76, 79], [79, 80], [79, 82], [82, 83], [82, 85], [85, 86], [85, 88], [103, 110], [111, 118], [136, 137], [136, 139], [150, 151], [153, 154], [155, 156], [170, 171], [170, 195], [171, 172], [175, 176], [182, 183], [200, 201], [200, 203], [214, 215], [219, 220], [221, 222], [224, 225], [227, 228], [241, 242], [241, 267], [242, 243], [246, 247], [246, 248], [253, 254], [267, 268], [267, 282], [268, 269], [282, 283], [282, 296], [283, 284], [301, 302], [301, 304], [307, 308], [307, 335], [317, 318], [318, 307], [318, 319], [319, 320]], "missing_branches": [[103, 104], [111, 112], [150, 170], [153, 170], [155, 157], [171, 179], [175, 177], [182, 170], [214, 241], [219, 221], [221, 223], [224, 227], [227, 241], [242, 250], [253, 241], [268, 267], [283, 282], [317, 307], [319, 318]]}, "": {"executed_lines": [9, 11, 12, 13, 14, 15, 17, 23, 26, 39, 45, 46, 49, 50, 53, 54, 63, 90, 101, 133, 197, 298], "summary": {"covered_lines": 22, "num_statements": 22, "percent_covered": 100.0, "percent_covered_display": "100", "missing_lines": 0, "excluded_lines": 0, "percent_statements_covered": 100.0, "percent_statements_covered_display": "100", "num_branches": 0, "num_partial_branches": 0, "covered_branches": 0, "missing_branches": 0, "percent_branches_covered": 100.0, "percent_branches_covered_display": "100"}, "missing_lines": [], "excluded_lines": [], "start_line": 1, "executed_branches": [], "missing_branches": []}}}, "src/neural_memory/integration/adapters/chromadb_adapter.py": {"executed_lines": [], "summary": {"covered_lines": 0, "num_statements": 96, "percent_covered": 0.0, "percent_covered_display": "0", "missing_lines": 96, "excluded_lines": 0, "percent_statements_covered": 0.0, "percent_statements_covered_display": "0", "num_branches": 26, "num_partial_branches": 0, "covered_branches": 0, "missing_branches": 26, "percent_branches_covered": 0.0, "percent_branches_covered_display": "0"}, "missing_lines": [3, 5, 6, 7, 8, 10, 15, 17, 20, 30, 37, 38, 39, 40, 41, 43, 45, 46, 48, 49, 53, 54, 56, 58, 60, 61, 62, 64, 65, 66, 68, 69, 70, 79, 85, 86, 88, 89, 93, 94, 95, 96, 97, 98, 99, 101, 103, 109, 111, 112, 117, 118, 119, 121, 122, 123, 125, 130, 131, 132, 133, 134, 136, 137, 138, 139, 141, 142, 144, 145, 146, 147, 148, 149, 151, 152, 153, 154, 156, 158, 169, 171, 173, 183, 184, 189, 190, 191, 193, 195, 196, 197, 201, 206, 207, 208], "excluded_lines": [], "executed_branches": [], "missing_branches": [[45, 46], [45, 58], [48, 49], [48, 53], [53, 54], [53, 56], [88, 89], [88, 101], [94, 95], [94, 99], [97, 94], [97, 98], [122, 123], [122, 125], [136, 137], [136, 171], [138, 139], [138, 141], [145, 146], [145, 151], [152, 153], [152, 158], [153, 154], [153, 156], [189, 190], [189, 191]], "functions": {"ChromaDBAdapter.__init__": {"executed_lines": [], "summary": {"covered_lines": 0, "num_statements": 5, "percent_covered": 0.0, "percent_covered_display": "0", "missing_lines": 5, "excluded_lines": 0, "percent_statements_covered": 0.0, "percent_statements_covered_display": "0", "num_branches": 0, "num_partial_branches": 0, "covered_branches": 0, "missing_branches": 0, "percent_branches_covered": 100.0, "percent_branches_covered_display": "100"}, "missing_lines": [37, 38, 39, 40, 41], "excluded_lines": [], "start_line": 30, "executed_branches": [], "missing_branches": []}, "ChromaDBAdapter._get_client": {"executed_lines": [], "summary": {"covered_lines": 0, "num_statements": 8, "percent_covered": 0.0, "percent_covered_display": "0", "missing_lines": 8, "excluded_lines": 0, "percent_statements_covered": 0.0, "percent_statements_covered_display": "0", "num_branches": 6, "num_partial_branches": 0, "covered_branches": 0, "missing_branches": 6, "percent_branches_covered": 0.0, "percent_branches_covered_display": "0"}, "missing_lines": [45, 46, 48, 49, 53, 54, 56, 58], "excluded_lines": [], "start_line": 43, "executed_branches": [], "missing_branches": [[45, 46], [45, 58], [48, 49], [48, 53], [53, 54], [53, 56]]}, "ChromaDBAdapter.system_type": {"executed_lines": [], "summary": {"covered_lines": 0, "num_statements": 1, "percent_covered": 0.0, "percent_covered_display": "0", "missing_lines": 1, "excluded_lines": 0, "percent_statements_covered": 0.0, "percent_statements_covered_display": "0", "num_branches": 0, "num_partial_branches": 0, "covered_branches": 0, "missing_branches": 0, "percent_branches_covered": 100.0, "percent_branches_covered_display": "100"}, "missing_lines": [62], "excluded_lines": [], "start_line": 61, "executed_branches": [], "missing_branches": []}, "ChromaDBAdapter.system_name": {"executed_lines": [], "summary": {"covered_lines": 0, "num_statements": 1, "percent_covered": 0.0, "percent_covered_display": "0", "missing_lines": 1, "excluded_lines": 0, "percent_statements_covered": 0.0, "percent_statements_covered_display": "0", "num_branches": 0, "num_partial_branches": 0, "covered_branches": 0, "missing_branches": 0, "percent_branches_covered": 100.0, "percent_branches_covered_display": "100"}, "missing_lines": [66], "excluded_lines": [], "start_line": 65, "executed_branches": [], "missing_branches": []}, "ChromaDBAdapter.capabilities": {"executed_lines": [], "summary": {"covered_lines": 0, "num_statements": 1, "percent_covered": 0.0, "percent_covered_display": "0", "missing_lines": 1, "excluded_lines": 0, "percent_statements_covered": 0.0, "percent_statements_covered_display": "0", "num_branches": 0, "num_partial_branches": 0, "covered_branches": 0, "missing_branches": 0, "percent_branches_covered": 100.0, "percent_branches_covered_display": "100"}, "missing_lines": [70], "excluded_lines": [], "start_line": 69, "executed_branches": [], "missing_branches": []}, "ChromaDBAdapter.fetch_all": {"executed_lines": [], "summary": {"covered_lines": 0, "num_statements": 12, "percent_covered": 0.0, "percent_covered_display": "0", "missing_lines": 12, "excluded_lines": 0, "percent_statements_covered": 0.0, "percent_statements_covered_display": "0", "num_branches": 6, "num_partial_branches": 0, "covered_branches": 0, "missing_branches": 6, "percent_branches_covered": 0.0, "percent_branches_covered_display": "0"}, "missing_lines": [85, 86, 88, 89, 93, 94, 95, 96, 97, 98, 99, 101], "excluded_lines": [], "start_line": 79, "executed_branches": [], "missing_branches": [[88, 89], [88, 101], [94, 95], [94, 99], [97, 94], [97, 98]]}, "ChromaDBAdapter._fetch_collection": {"executed_lines": [], "summary": {"covered_lines": 0, "num_statements": 35, "percent_covered": 0.0, "percent_covered_display": "0", "missing_lines": 35, "excluded_lines": 0, "percent_statements_covered": 0.0, "percent_statements_covered_display": "0", "num_branches": 12, "num_partial_branches": 0, "covered_branches": 0, "missing_branches": 12, "percent_branches_covered": 0.0, "percent_branches_covered_display": "0"}, "missing_lines": [109, 111, 112, 117, 118, 119, 121, 122, 123, 125, 130, 131, 132, 133, 134, 136, 137, 138, 139, 141, 142, 144, 145, 146, 147, 148, 149, 151, 152, 153, 154, 156, 158, 169, 171], "excluded_lines": [], "start_line": 103, "executed_branches": [], "missing_branches": [[122, 123], [122, 125], [136, 137], [136, 171], [138, 139], [138, 141], [145, 146], [145, 151], [152, 153], [152, 158], [153, 154], [153, 156]]}, "ChromaDBAdapter.fetch_since": {"executed_lines": [], "summary": {"covered_lines": 0, "num_statements": 5, "percent_covered": 0.0, "percent_covered_display": "0", "missing_lines": 5, "excluded_lines": 0, "percent_statements_covered": 0.0, "percent_statements_covered_display": "0", "num_branches": 2, "num_partial_branches": 0, "covered_branches": 0, "missing_branches": 2, "percent_branches_covered": 0.0, "percent_branches_covered_display": "0"}, "missing_lines": [183, 184, 189, 190, 191], "excluded_lines": [], "start_line": 173, "executed_branches": [], "missing_branches": [[189, 190], [189, 191]]}, "ChromaDBAdapter.health_check": {"executed_lines": [], "summary": {"covered_lines": 0, "num_statements": 7, "percent_covered": 0.0, "percent_covered_display": "0", "missing_lines": 7, "excluded_lines": 0, "percent_statements_covered": 0.0, "percent_statements_covered_display": "0", "num_branches": 0, "num_partial_branches": 0, "covered_branches": 0, "missing_branches": 0, "percent_branches_covered": 100.0, "percent_branches_covered_display": "100"}, "missing_lines": [195, 196, 197, 201, 206, 207, 208], "excluded_lines": [], "start_line": 193, "executed_branches": [], "missing_branches": []}, "": {"executed_lines": [], "summary": {"covered_lines": 0, "num_statements": 21, "percent_covered": 0.0, "percent_covered_display": "0", "missing_lines": 21, "excluded_lines": 0, "percent_statements_covered": 0.0, "percent_statements_covered_display": "0", "num_branches": 0, "num_partial_branches": 0, "covered_branches": 0, "missing_branches": 0, "percent_branches_covered": 100.0, "percent_branches_covered_display": "100"}, "missing_lines": [3, 5, 6, 7, 8, 10, 15, 17, 20, 30, 43, 60, 61, 64, 65, 68, 69, 79, 103, 173, 193], "excluded_lines": [], "start_line": 1, "executed_branches": [], "missing_branches": []}}, "classes": {"ChromaDBAdapter": {"executed_lines": [], "summary": {"covered_lines": 0, "num_statements": 75, "percent_covered": 0.0, "percent_covered_display": "0", "missing_lines": 75, "excluded_lines": 0, "percent_statements_covered": 0.0, "percent_statements_covered_display": "0", "num_branches": 26, "num_partial_branches": 0, "covered_branches": 0, "missing_branches": 26, "percent_branches_covered": 0.0, "percent_branches_covered_display": "0"}, "missing_lines": [37, 38, 39, 40, 41, 45, 46, 48, 49, 53, 54, 56, 58, 62, 66, 70, 85, 86, 88, 89, 93, 94, 95, 96, 97, 98, 99, 101, 109, 111, 112, 117, 118, 119, 121, 122, 123, 125, 130, 131, 132, 133, 134, 136, 137, 138, 139, 141, 142, 144, 145, 146, 147, 148, 149, 151, 152, 153, 154, 156, 158, 169, 171, 183, 184, 189, 190, 191, 195, 196, 197, 201, 206, 207, 208], "excluded_lines": [], "start_line": 20, "executed_branches": [], "missing_branches": [[45, 46], [45, 58], [48, 49], [48, 53], [53, 54], [53, 56], [88, 89], [88, 101], [94, 95], [94, 99], [97, 94], [97, 98], [122, 123], [122, 125], [136, 137], [136, 171], [138, 139], [138, 141], [145, 146], [145, 151], [152, 153], [152, 158], [153, 154], [153, 156], [189, 190], [189, 191]]}, "": {"executed_lines": [], "summary": {"covered_lines": 0, "num_statements": 21, "percent_covered": 0.0, "percent_covered_display": "0", "missing_lines": 21, "excluded_lines": 0, "percent_statements_covered": 0.0, "percent_statements_covered_display": "0", "num_branches": 0, "num_partial_branches": 0, "covered_branches": 0, "missing_branches": 0, "percent_branches_covered": 100.0, "percent_branches_covered_display": "100"}, "missing_lines": [3, 5, 6, 7, 8, 10, 15, 17, 20, 30, 43, 60, 61, 64, 65, 68, 69, 79, 103, 173, 193], "excluded_lines": [], "start_line": 1, "executed_branches": [], "missing_branches": []}}}, "src/neural_memory/integration/adapters/cognee_adapter.py": {"executed_lines": [3, 5, 6, 7, 8, 10, 16, 18, 21, 33, 34, 35, 37, 39, 40, 42, 43, 44, 46, 47, 53, 54, 55, 57, 58, 59, 61, 62, 63, 72, 78, 79, 81, 83, 86, 87, 89, 90, 91, 94, 95, 96, 97, 98, 105, 108, 109, 115, 116, 120, 125, 126, 127, 128, 129, 130, 137, 138, 147, 158, 159, 161, 163, 174, 176, 177, 178, 180, 181], "summary": {"covered_lines": 69, "num_statements": 89, "percent_covered": 74.33628318584071, "percent_covered_display": "74", "missing_lines": 20, "excluded_lines": 1, "percent_statements_covered": 77.52808988764045, "percent_statements_covered_display": "78", "num_branches": 24, "num_partial_branches": 9, "covered_branches": 15, "missing_branches": 9, "percent_branches_covered": 62.5, "percent_branches_covered_display": "62"}, "missing_lines": [49, 51, 84, 100, 101, 102, 103, 106, 110, 111, 112, 113, 117, 132, 133, 134, 135, 186, 187, 188], "excluded_lines": [170], "executed_branches": [[39, 40], [43, 44], [83, 86], [89, 90], [89, 161], [90, 91], [90, 94], [94, 95], [105, 108], [109, 115], [116, 120], [125, 126], [125, 147], [126, 127], [137, 138]], "missing_branches": [[39, 49], [43, 46], [83, 84], [94, 100], [105, 106], [109, 110], [116, 117], [126, 132], [137, 125]], "functions": {"CogneeAdapter.__init__": {"executed_lines": [34, 35], "summary": {"covered_lines": 2, "num_statements": 2, "percent_covered": 100.0, "percent_covered_display": "100", "missing_lines": 0, "excluded_lines": 0, "percent_statements_covered": 100.0, "percent_statements_covered_display": "100", "num_branches": 0, "num_partial_branches": 0, "covered_branches": 0, "missing_branches": 0, "percent_branches_covered": 100.0, "percent_branches_covered_display": "100"}, "missing_lines": [], "excluded_lines": [], "start_line": 33, "executed_branches": [], "missing_branches": []}, "CogneeAdapter._get_client": {"executed_lines": [39, 40, 42, 43, 44, 46, 47], "summary": {"covered_lines": 7, "num_statements": 9, "percent_covered": 69.23076923076923, "percent_covered_display": "69", "missing_lines": 2, "excluded_lines": 0, "percent_statements_covered": 77.77777777777777, "percent_statements_covered_display": "78", "num_branches": 4, "num_partial_branches": 2, "covered_branches": 2, "missing_branches": 2, "percent_branches_covered": 50.0, "percent_branches_covered_display": "50"}, "missing_lines": [49, 51], "excluded_lines": [], "start_line": 37, "executed_branches": [[39, 40], [43, 44]], "missing_branches": [[39, 49], [43, 46]]}, "CogneeAdapter.system_type": {"executed_lines": [55], "summary": {"covered_lines": 1, "num_statements": 1, "percent_covered": 100.0, "percent_covered_display": "100", "missing_lines": 0, "excluded_lines": 0, "percent_statements_covered": 100.0, "percent_statements_covered_display": "100", "num_branches": 0, "num_partial_branches": 0, "covered_branches": 0, "missing_branches": 0, "percent_branches_covered": 100.0, "percent_branches_covered_display": "100"}, "missing_lines": [], "excluded_lines": [], "start_line": 54, "executed_branches": [], "missing_branches": []}, "CogneeAdapter.system_name": {"executed_lines": [59], "summary": {"covered_lines": 1, "num_statements": 1, "percent_covered": 100.0, "percent_covered_display": "100", "missing_lines": 0, "excluded_lines": 0, "percent_statements_covered": 100.0, "percent_statements_covered_display": "100", "num_branches": 0, "num_partial_branches": 0, "covered_branches": 0, "missing_branches": 0, "percent_branches_covered": 100.0, "percent_branches_covered_display": "100"}, "missing_lines": [], "excluded_lines": [], "start_line": 58, "executed_branches": [], "missing_branches": []}, "CogneeAdapter.capabilities": {"executed_lines": [63], "summary": {"covered_lines": 1, "num_statements": 1, "percent_covered": 100.0, "percent_covered_display": "100", "missing_lines": 0, "excluded_lines": 0, "percent_statements_covered": 100.0, "percent_statements_covered_display": "100", "num_branches": 0, "num_partial_branches": 0, "covered_branches": 0, "missing_branches": 0, "percent_branches_covered": 100.0, "percent_branches_covered_display": "100"}, "missing_lines": [], "excluded_lines": [], "start_line": 62, "executed_branches": [], "missing_branches": []}, "CogneeAdapter.fetch_all": {"executed_lines": [78, 79, 81, 83, 86, 87, 89, 90, 91, 94, 95, 96, 97, 98, 105, 108, 109, 115, 116, 120, 125, 126, 127, 128, 129, 130, 137, 138, 147, 158, 159, 161], "summary": {"covered_lines": 32, "num_statements": 47, "percent_covered": 67.16417910447761, "percent_covered_display": "67", "missing_lines": 15, "excluded_lines": 0, "percent_statements_covered": 68.08510638297872, "percent_statements_covered_display": "68", "num_branches": 20, "num_partial_branches": 7, "covered_branches": 13, "missing_branches": 7, "percent_branches_covered": 65.0, "percent_branches_covered_display": "65"}, "missing_lines": [84, 100, 101, 102, 103, 106, 110, 111, 112, 113, 117, 132, 133, 134, 135], "excluded_lines": [], "start_line": 72, "executed_branches": [[83, 86], [89, 90], [89, 161], [90, 91], [90, 94], [94, 95], [105, 108], [109, 115], [116, 120], [125, 126], [125, 147], [126, 127], [137, 138]], "missing_branches": [[83, 84], [94, 100], [105, 106], [109, 110], [116, 117], [126, 132], [137, 125]]}, "CogneeAdapter.fetch_since": {"executed_lines": [], "summary": {"covered_lines": 0, "num_statements": 0, "percent_covered": 100.0, "percent_covered_display": "100", "missing_lines": 0, "excluded_lines": 1, "percent_statements_covered": 100.0, "percent_statements_covered_display": "100", "num_branches": 0, "num_partial_branches": 0, "covered_branches": 0, "missing_branches": 0, "percent_branches_covered": 100.0, "percent_branches_covered_display": "100"}, "missing_lines": [], "excluded_lines": [170], "start_line": 163, "executed_branches": [], "missing_branches": []}, "CogneeAdapter.health_check": {"executed_lines": [176, 177, 178, 180, 181], "summary": {"covered_lines": 5, "num_statements": 8, "percent_covered": 62.5, "percent_covered_display": "62", "missing_lines": 3, "excluded_lines": 0, "percent_statements_covered": 62.5, "percent_statements_covered_display": "62", "num_branches": 0, "num_partial_branches": 0, "covered_branches": 0, "missing_branches": 0, "percent_branches_covered": 100.0, "percent_branches_covered_display": "100"}, "missing_lines": [186, 187, 188], "excluded_lines": [], "start_line": 174, "executed_branches": [], "missing_branches": []}, "": {"executed_lines": [3, 5, 6, 7, 8, 10, 16, 18, 21, 33, 37, 53, 54, 57, 58, 61, 62, 72, 163, 174], "summary": {"covered_lines": 20, "num_statements": 20, "percent_covered": 100.0, "percent_covered_display": "100", "missing_lines": 0, "excluded_lines": 0, "percent_statements_covered": 100.0, "percent_statements_covered_display": "100", "num_branches": 0, "num_partial_branches": 0, "covered_branches": 0, "missing_branches": 0, "percent_branches_covered": 100.0, "percent_branches_covered_display": "100"}, "missing_lines": [], "excluded_lines": [], "start_line": 1, "executed_branches": [], "missing_branches": []}}, "classes": {"CogneeAdapter": {"executed_lines": [34, 35, 39, 40, 42, 43, 44, 46, 47, 55, 59, 63, 78, 79, 81, 83, 86, 87, 89, 90, 91, 94, 95, 96, 97, 98, 105, 108, 109, 115, 116, 120, 125, 126, 127, 128, 129, 130, 137, 138, 147, 158, 159, 161, 176, 177, 178, 180, 181], "summary": {"covered_lines": 49, "num_statements": 69, "percent_covered": 68.81720430107526, "percent_covered_display": "69", "missing_lines": 20, "excluded_lines": 1, "percent_statements_covered": 71.01449275362319, "percent_statements_covered_display": "71", "num_branches": 24, "num_partial_branches": 9, "covered_branches": 15, "missing_branches": 9, "percent_branches_covered": 62.5, "percent_branches_covered_display": "62"}, "missing_lines": [49, 51, 84, 100, 101, 102, 103, 106, 110, 111, 112, 113, 117, 132, 133, 134, 135, 186, 187, 188], "excluded_lines": [170], "start_line": 21, "executed_branches": [[39, 40], [43, 44], [83, 86], [89, 90], [89, 161], [90, 91], [90, 94], [94, 95], [105, 108], [109, 115], [116, 120], [125, 126], [125, 147], [126, 127], [137, 138]], "missing_branches": [[39, 49], [43, 46], [83, 84], [94, 100], [105, 106], [109, 110], [116, 117], [126, 132], [137, 125]]}, "": {"executed_lines": [3, 5, 6, 7, 8, 10, 16, 18, 21, 33, 37, 53, 54, 57, 58, 61, 62, 72, 163, 174], "summary": {"covered_lines": 20, "num_statements": 20, "percent_covered": 100.0, "percent_covered_display": "100", "missing_lines": 0, "excluded_lines": 0, "percent_statements_covered": 100.0, "percent_statements_covered_display": "100", "num_branches": 0, "num_partial_branches": 0, "covered_branches": 0, "missing_branches": 0, "percent_branches_covered": 100.0, "percent_branches_covered_display": "100"}, "missing_lines": [], "excluded_lines": [], "start_line": 1, "executed_branches": [], "missing_branches": []}}}, "src/neural_memory/integration/adapters/graphiti_adapter.py": {"executed_lines": [3, 5, 6, 7, 8, 10, 16, 18, 21, 32, 34, 39, 40, 45, 46, 47, 49, 51, 52, 54, 56, 58, 59, 60, 62, 63, 64, 66, 67, 68, 78, 84, 85, 88, 89, 91, 92, 95, 96, 99, 100, 101, 102, 105, 106, 107, 108, 109, 110, 116, 117, 118, 119, 120, 121, 123, 124, 127, 137, 140, 141, 142, 144, 145, 146, 149, 150, 151, 152, 153, 154, 161, 162, 163, 165, 166, 167, 168, 169, 172, 173, 174, 176, 177, 187, 188, 191, 202, 203, 205, 207, 214, 215, 218, 225, 227, 228, 229, 230, 231, 232, 237, 238, 242, 244, 245, 248, 249, 250, 253, 254, 255, 256, 257, 265, 274, 276, 277, 280, 281, 282, 285, 286, 287, 288, 289, 297, 306, 308, 310, 312, 313, 314, 315, 328, 329, 338, 339, 340, 341, 342], "summary": {"covered_lines": 141, "num_statements": 166, "percent_covered": 79.56521739130434, "percent_covered_display": "80", "missing_lines": 25, "excluded_lines": 0, "percent_statements_covered": 84.93975903614458, "percent_statements_covered_display": "85", "num_branches": 64, "num_partial_branches": 22, "covered_branches": 42, "missing_branches": 22, "percent_branches_covered": 65.625, "percent_branches_covered_display": "66"}, "missing_lines": [41, 97, 103, 112, 113, 114, 125, 147, 156, 157, 158, 189, 239, 240, 246, 251, 262, 263, 278, 283, 294, 295, 320, 321, 322], "excluded_lines": [], "executed_branches": [[40, 45], [51, 52], [95, 96], [95, 140], [96, 99], [102, 105], [107, 108], [109, 110], [117, 118], [120, 121], [124, 127], [140, 141], [140, 205], [141, 142], [141, 144], [146, 149], [151, 152], [153, 154], [166, 167], [168, 169], [168, 172], [176, 177], [188, 191], [228, 229], [228, 242], [230, 231], [237, 228], [237, 238], [244, 245], [244, 276], [245, 248], [250, 253], [255, 256], [276, 277], [276, 308], [277, 280], [282, 285], [287, 288], [338, 339], [338, 340], [340, 341], [340, 342]], "missing_branches": [[40, 41], [51, 56], [96, 97], [102, 103], [107, 116], [109, 112], [117, 119], [120, 123], [124, 125], [146, 147], [151, 161], [153, 156], [166, 168], [176, 187], [188, 189], [230, 228], [245, 246], [250, 251], [255, 265], [277, 278], [282, 283], [287, 297]], "functions": {"GraphitiAdapter.__init__": {"executed_lines": [39, 40, 45, 46, 47], "summary": {"covered_lines": 5, "num_statements": 6, "percent_covered": 75.0, "percent_covered_display": "75", "missing_lines": 1, "excluded_lines": 0, "percent_statements_covered": 83.33333333333333, "percent_statements_covered_display": "83", "num_branches": 2, "num_partial_branches": 1, "covered_branches": 1, "missing_branches": 1, "percent_branches_covered": 50.0, "percent_branches_covered_display": "50"}, "missing_lines": [41], "excluded_lines": [], "start_line": 34, "executed_branches": [[40, 45]], "missing_branches": [[40, 41]]}, "GraphitiAdapter._get_client": {"executed_lines": [51, 52, 54, 56], "summary": {"covered_lines": 4, "num_statements": 4, "percent_covered": 83.33333333333333, "percent_covered_display": "83", "missing_lines": 0, "excluded_lines": 0, "percent_statements_covered": 100.0, "percent_statements_covered_display": "100", "num_branches": 2, "num_partial_branches": 1, "covered_branches": 1, "missing_branches": 1, "percent_branches_covered": 50.0, "percent_branches_covered_display": "50"}, "missing_lines": [], "excluded_lines": [], "start_line": 49, "executed_branches": [[51, 52]], "missing_branches": [[51, 56]]}, "GraphitiAdapter.system_type": {"executed_lines": [60], "summary": {"covered_lines": 1, "num_statements": 1, "percent_covered": 100.0, "percent_covered_display": "100", "missing_lines": 0, "excluded_lines": 0, "percent_statements_covered": 100.0, "percent_statements_covered_display": "100", "num_branches": 0, "num_partial_branches": 0, "covered_branches": 0, "missing_branches": 0, "percent_branches_covered": 100.0, "percent_branches_covered_display": "100"}, "missing_lines": [], "excluded_lines": [], "start_line": 59, "executed_branches": [], "missing_branches": []}, "GraphitiAdapter.system_name": {"executed_lines": [64], "summary": {"covered_lines": 1, "num_statements": 1, "percent_covered": 100.0, "percent_covered_display": "100", "missing_lines": 0, "excluded_lines": 0, "percent_statements_covered": 100.0, "percent_statements_covered_display": "100", "num_branches": 0, "num_partial_branches": 0, "covered_branches": 0, "missing_branches": 0, "percent_branches_covered": 100.0, "percent_branches_covered_display": "100"}, "missing_lines": [], "excluded_lines": [], "start_line": 63, "executed_branches": [], "missing_branches": []}, "GraphitiAdapter.capabilities": {"executed_lines": [68], "summary": {"covered_lines": 1, "num_statements": 1, "percent_covered": 100.0, "percent_covered_display": "100", "missing_lines": 0, "excluded_lines": 0, "percent_statements_covered": 100.0, "percent_statements_covered_display": "100", "num_branches": 0, "num_partial_branches": 0, "covered_branches": 0, "missing_branches": 0, "percent_branches_covered": 100.0, "percent_branches_covered_display": "100"}, "missing_lines": [], "excluded_lines": [], "start_line": 67, "executed_branches": [], "missing_branches": []}, "GraphitiAdapter.fetch_all": {"executed_lines": [84, 85, 88, 89, 91, 92, 95, 96, 99, 100, 101, 102, 105, 106, 107, 108, 109, 110, 116, 117, 118, 119, 120, 121, 123, 124, 127, 137, 140, 141, 142, 144, 145, 146, 149, 150, 151, 152, 153, 154, 161, 162, 163, 165, 166, 167, 168, 169, 172, 173, 174, 176, 177, 187, 188, 191, 202, 203, 205], "summary": {"covered_lines": 59, "num_statements": 70, "percent_covered": 76.92307692307692, "percent_covered_display": "77", "missing_lines": 11, "excluded_lines": 0, "percent_statements_covered": 84.28571428571429, "percent_statements_covered_display": "84", "num_branches": 34, "num_partial_branches": 13, "covered_branches": 21, "missing_branches": 13, "percent_branches_covered": 61.76470588235294, "percent_branches_covered_display": "62"}, "missing_lines": [97, 103, 112, 113, 114, 125, 147, 156, 157, 158, 189], "excluded_lines": [], "start_line": 78, "executed_branches": [[95, 96], [95, 140], [96, 99], [102, 105], [107, 108], [109, 110], [117, 118], [120, 121], [124, 127], [140, 141], [140, 205], [141, 142], [141, 144], [146, 149], [151, 152], [153, 154], [166, 167], [168, 169], [168, 172], [176, 177], [188, 191]], "missing_branches": [[96, 97], [102, 103], [107, 116], [109, 112], [117, 119], [120, 123], [124, 125], [146, 147], [151, 161], [153, 156], [166, 168], [176, 187], [188, 189]]}, "GraphitiAdapter.fetch_since": {"executed_lines": [214, 215, 218, 225, 227, 228, 229, 230, 231, 232, 237, 238, 242, 244, 245, 248, 249, 250, 253, 254, 255, 256, 257, 265, 274, 276, 277, 280, 281, 282, 285, 286, 287, 288, 289, 297, 306, 308], "summary": {"covered_lines": 38, "num_statements": 48, "percent_covered": 75.71428571428571, "percent_covered_display": "76", "missing_lines": 10, "excluded_lines": 0, "percent_statements_covered": 79.16666666666667, "percent_statements_covered_display": "79", "num_branches": 22, "num_partial_branches": 7, "covered_branches": 15, "missing_branches": 7, "percent_branches_covered": 68.18181818181819, "percent_branches_covered_display": "68"}, "missing_lines": [239, 240, 246, 251, 262, 263, 278, 283, 294, 295], "excluded_lines": [], "start_line": 207, "executed_branches": [[228, 229], [228, 242], [230, 231], [237, 228], [237, 238], [244, 245], [244, 276], [245, 248], [250, 253], [255, 256], [276, 277], [276, 308], [277, 280], [282, 285], [287, 288]], "missing_branches": [[230, 228], [245, 246], [250, 251], [255, 265], [277, 278], [282, 283], [287, 297]]}, "GraphitiAdapter.health_check": {"executed_lines": [312, 313, 314, 315], "summary": {"covered_lines": 4, "num_statements": 7, "percent_covered": 57.142857142857146, "percent_covered_display": "57", "missing_lines": 3, "excluded_lines": 0, "percent_statements_covered": 57.142857142857146, "percent_statements_covered_display": "57", "num_branches": 0, "num_partial_branches": 0, "covered_branches": 0, "missing_branches": 0, "percent_branches_covered": 100.0, "percent_branches_covered_display": "100"}, "missing_lines": [320, 321, 322], "excluded_lines": [], "start_line": 310, "executed_branches": [], "missing_branches": []}, "GraphitiAdapter._compute_temporal_weight": {"executed_lines": [338, 339, 340, 341, 342], "summary": {"covered_lines": 5, "num_statements": 5, "percent_covered": 100.0, "percent_covered_display": "100", "missing_lines": 0, "excluded_lines": 0, "percent_statements_covered": 100.0, "percent_statements_covered_display": "100", "num_branches": 4, "num_partial_branches": 0, "covered_branches": 4, "missing_branches": 0, "percent_branches_covered": 100.0, "percent_branches_covered_display": "100"}, "missing_lines": [], "excluded_lines": [], "start_line": 329, "executed_branches": [[338, 339], [338, 340], [340, 341], [340, 342]], "missing_branches": []}, "": {"executed_lines": [3, 5, 6, 7, 8, 10, 16, 18, 21, 32, 34, 49, 58, 59, 62, 63, 66, 67, 78, 207, 310, 328, 329], "summary": {"covered_lines": 23, "num_statements": 23, "percent_covered": 100.0, "percent_covered_display": "100", "missing_lines": 0, "excluded_lines": 0, "percent_statements_covered": 100.0, "percent_statements_covered_display": "100", "num_branches": 0, "num_partial_branches": 0, "covered_branches": 0, "missing_branches": 0, "percent_branches_covered": 100.0, "percent_branches_covered_display": "100"}, "missing_lines": [], "excluded_lines": [], "start_line": 1, "executed_branches": [], "missing_branches": []}}, "classes": {"GraphitiAdapter": {"executed_lines": [39, 40, 45, 46, 47, 51, 52, 54, 56, 60, 64, 68, 84, 85, 88, 89, 91, 92, 95, 96, 99, 100, 101, 102, 105, 106, 107, 108, 109, 110, 116, 117, 118, 119, 120, 121, 123, 124, 127, 137, 140, 141, 142, 144, 145, 146, 149, 150, 151, 152, 153, 154, 161, 162, 163, 165, 166, 167, 168, 169, 172, 173, 174, 176, 177, 187, 188, 191, 202, 203, 205, 214, 215, 218, 225, 227, 228, 229, 230, 231, 232, 237, 238, 242, 244, 245, 248, 249, 250, 253, 254, 255, 256, 257, 265, 274, 276, 277, 280, 281, 282, 285, 286, 287, 288, 289, 297, 306, 308, 312, 313, 314, 315, 338, 339, 340, 341, 342], "summary": {"covered_lines": 118, "num_statements": 143, "percent_covered": 77.29468599033817, "percent_covered_display": "77", "missing_lines": 25, "excluded_lines": 0, "percent_statements_covered": 82.51748251748252, "percent_statements_covered_display": "83", "num_branches": 64, "num_partial_branches": 22, "covered_branches": 42, "missing_branches": 22, "percent_branches_covered": 65.625, "percent_branches_covered_display": "66"}, "missing_lines": [41, 97, 103, 112, 113, 114, 125, 147, 156, 157, 158, 189, 239, 240, 246, 251, 262, 263, 278, 283, 294, 295, 320, 321, 322], "excluded_lines": [], "start_line": 21, "executed_branches": [[40, 45], [51, 52], [95, 96], [95, 140], [96, 99], [102, 105], [107, 108], [109, 110], [117, 118], [120, 121], [124, 127], [140, 141], [140, 205], [141, 142], [141, 144], [146, 149], [151, 152], [153, 154], [166, 167], [168, 169], [168, 172], [176, 177], [188, 191], [228, 229], [228, 242], [230, 231], [237, 228], [237, 238], [244, 245], [244, 276], [245, 248], [250, 253], [255, 256], [276, 277], [276, 308], [277, 280], [282, 285], [287, 288], [338, 339], [338, 340], [340, 341], [340, 342]], "missing_branches": [[40, 41], [51, 56], [96, 97], [102, 103], [107, 116], [109, 112], [117, 119], [120, 123], [124, 125], [146, 147], [151, 161], [153, 156], [166, 168], [176, 187], [188, 189], [230, 228], [245, 246], [250, 251], [255, 265], [277, 278], [282, 283], [287, 297]]}, "": {"executed_lines": [3, 5, 6, 7, 8, 10, 16, 18, 21, 32, 34, 49, 58, 59, 62, 63, 66, 67, 78, 207, 310, 328, 329], "summary": {"covered_lines": 23, "num_statements": 23, "percent_covered": 100.0, "percent_covered_display": "100", "missing_lines": 0, "excluded_lines": 0, "percent_statements_covered": 100.0, "percent_statements_covered_display": "100", "num_branches": 0, "num_partial_branches": 0, "covered_branches": 0, "missing_branches": 0, "percent_branches_covered": 100.0, "percent_branches_covered_display": "100"}, "missing_lines": [], "excluded_lines": [], "start_line": 1, "executed_branches": [], "missing_branches": []}}}, "src/neural_memory/integration/adapters/llamaindex_adapter.py": {"executed_lines": [3, 5, 6, 7, 8, 10, 16, 18, 21, 36, 41, 42, 44, 46, 47, 49, 50, 54, 56, 61, 62, 63, 65, 66, 67, 69, 70, 71, 73, 74, 75, 84, 90, 92, 93, 95, 97, 98, 101, 102, 105, 106, 108, 109, 116, 117, 118, 119, 120, 121, 122, 123, 132, 133, 134, 135, 136, 144, 145, 148, 149, 151, 163, 165, 167, 178, 180, 181, 182, 183], "summary": {"covered_lines": 70, "num_statements": 85, "percent_covered": 77.87610619469027, "percent_covered_display": "78", "missing_lines": 15, "excluded_lines": 1, "percent_statements_covered": 82.3529411764706, "percent_statements_covered_display": "82", "num_branches": 28, "num_partial_branches": 6, "covered_branches": 18, "missing_branches": 10, "percent_branches_covered": 64.28571428571429, "percent_branches_covered_display": "64"}, "missing_lines": [99, 103, 110, 111, 112, 113, 124, 125, 126, 127, 129, 146, 188, 189, 190], "excluded_lines": [174], "executed_branches": [[46, 47], [46, 49], [49, 50], [49, 56], [97, 98], [97, 165], [98, 101], [102, 105], [109, 116], [118, 119], [118, 144], [120, 121], [120, 122], [122, 123], [133, 118], [133, 134], [135, 136], [145, 148]], "missing_branches": [[98, 99], [102, 103], [109, 110], [122, 124], [124, 125], [124, 126], [126, 127], [126, 129], [135, 133], [145, 146]], "functions": {"LlamaIndexAdapter.__init__": {"executed_lines": [41, 42], "summary": {"covered_lines": 2, "num_statements": 2, "percent_covered": 100.0, "percent_covered_display": "100", "missing_lines": 0, "excluded_lines": 0, "percent_statements_covered": 100.0, "percent_statements_covered_display": "100", "num_branches": 0, "num_partial_branches": 0, "covered_branches": 0, "missing_branches": 0, "percent_branches_covered": 100.0, "percent_branches_covered_display": "100"}, "missing_lines": [], "excluded_lines": [], "start_line": 36, "executed_branches": [], "missing_branches": []}, "LlamaIndexAdapter._get_index": {"executed_lines": [46, 47, 49, 50, 54, 56, 61, 62, 63], "summary": {"covered_lines": 9, "num_statements": 9, "percent_covered": 100.0, "percent_covered_display": "100", "missing_lines": 0, "excluded_lines": 0, "percent_statements_covered": 100.0, "percent_statements_covered_display": "100", "num_branches": 4, "num_partial_branches": 0, "covered_branches": 4, "missing_branches": 0, "percent_branches_covered": 100.0, "percent_branches_covered_display": "100"}, "missing_lines": [], "excluded_lines": [], "start_line": 44, "executed_branches": [[46, 47], [46, 49], [49, 50], [49, 56]], "missing_branches": []}, "LlamaIndexAdapter.system_type": {"executed_lines": [67], "summary": {"covered_lines": 1, "num_statements": 1, "percent_covered": 100.0, "percent_covered_display": "100", "missing_lines": 0, "excluded_lines": 0, "percent_statements_covered": 100.0, "percent_statements_covered_display": "100", "num_branches": 0, "num_partial_branches": 0, "covered_branches": 0, "missing_branches": 0, "percent_branches_covered": 100.0, "percent_branches_covered_display": "100"}, "missing_lines": [], "excluded_lines": [], "start_line": 66, "executed_branches": [], "missing_branches": []}, "LlamaIndexAdapter.system_name": {"executed_lines": [71], "summary": {"covered_lines": 1, "num_statements": 1, "percent_covered": 100.0, "percent_covered_display": "100", "missing_lines": 0, "excluded_lines": 0, "percent_statements_covered": 100.0, "percent_statements_covered_display": "100", "num_branches": 0, "num_partial_branches": 0, "covered_branches": 0, "missing_branches": 0, "percent_branches_covered": 100.0, "percent_branches_covered_display": "100"}, "missing_lines": [], "excluded_lines": [], "start_line": 70, "executed_branches": [], "missing_branches": []}, "LlamaIndexAdapter.capabilities": {"executed_lines": [75], "summary": {"covered_lines": 1, "num_statements": 1, "percent_covered": 100.0, "percent_covered_display": "100", "missing_lines": 0, "excluded_lines": 0, "percent_statements_covered": 100.0, "percent_statements_covered_display": "100", "num_branches": 0, "num_partial_branches": 0, "covered_branches": 0, "missing_branches": 0, "percent_branches_covered": 100.0, "percent_branches_covered_display": "100"}, "missing_lines": [], "excluded_lines": [], "start_line": 74, "executed_branches": [], "missing_branches": []}, "LlamaIndexAdapter.fetch_all": {"executed_lines": [90, 92, 93, 95, 97, 98, 101, 102, 105, 106, 108, 109, 116, 117, 118, 119, 120, 121, 122, 123, 132, 133, 134, 135, 136, 144, 145, 148, 149, 151, 163, 165], "summary": {"covered_lines": 32, "num_statements": 44, "percent_covered": 67.6470588235294, "percent_covered_display": "68", "missing_lines": 12, "excluded_lines": 0, "percent_statements_covered": 72.72727272727273, "percent_statements_covered_display": "73", "num_branches": 24, "num_partial_branches": 6, "covered_branches": 14, "missing_branches": 10, "percent_branches_covered": 58.333333333333336, "percent_branches_covered_display": "58"}, "missing_lines": [99, 103, 110, 111, 112, 113, 124, 125, 126, 127, 129, 146], "excluded_lines": [], "start_line": 84, "executed_branches": [[97, 98], [97, 165], [98, 101], [102, 105], [109, 116], [118, 119], [118, 144], [120, 121], [120, 122], [122, 123], [133, 118], [133, 134], [135, 136], [145, 148]], "missing_branches": [[98, 99], [102, 103], [109, 110], [122, 124], [124, 125], [124, 126], [126, 127], [126, 129], [135, 133], [145, 146]]}, "LlamaIndexAdapter.fetch_since": {"executed_lines": [], "summary": {"covered_lines": 0, "num_statements": 0, "percent_covered": 100.0, "percent_covered_display": "100", "missing_lines": 0, "excluded_lines": 1, "percent_statements_covered": 100.0, "percent_statements_covered_display": "100", "num_branches": 0, "num_partial_branches": 0, "covered_branches": 0, "missing_branches": 0, "percent_branches_covered": 100.0, "percent_branches_covered_display": "100"}, "missing_lines": [], "excluded_lines": [174], "start_line": 167, "executed_branches": [], "missing_branches": []}, "LlamaIndexAdapter.health_check": {"executed_lines": [180, 181, 182, 183], "summary": {"covered_lines": 4, "num_statements": 7, "percent_covered": 57.142857142857146, "percent_covered_display": "57", "missing_lines": 3, "excluded_lines": 0, "percent_statements_covered": 57.142857142857146, "percent_statements_covered_display": "57", "num_branches": 0, "num_partial_branches": 0, "covered_branches": 0, "missing_branches": 0, "percent_branches_covered": 100.0, "percent_branches_covered_display": "100"}, "missing_lines": [188, 189, 190], "excluded_lines": [], "start_line": 178, "executed_branches": [], "missing_branches": []}, "": {"executed_lines": [3, 5, 6, 7, 8, 10, 16, 18, 21, 36, 44, 65, 66, 69, 70, 73, 74, 84, 167, 178], "summary": {"covered_lines": 20, "num_statements": 20, "percent_covered": 100.0, "percent_covered_display": "100", "missing_lines": 0, "excluded_lines": 0, "percent_statements_covered": 100.0, "percent_statements_covered_display": "100", "num_branches": 0, "num_partial_branches": 0, "covered_branches": 0, "missing_branches": 0, "percent_branches_covered": 100.0, "percent_branches_covered_display": "100"}, "missing_lines": [], "excluded_lines": [], "start_line": 1, "executed_branches": [], "missing_branches": []}}, "classes": {"LlamaIndexAdapter": {"executed_lines": [41, 42, 46, 47, 49, 50, 54, 56, 61, 62, 63, 67, 71, 75, 90, 92, 93, 95, 97, 98, 101, 102, 105, 106, 108, 109, 116, 117, 118, 119, 120, 121, 122, 123, 132, 133, 134, 135, 136, 144, 145, 148, 149, 151, 163, 165, 180, 181, 182, 183], "summary": {"covered_lines": 50, "num_statements": 65, "percent_covered": 73.11827956989248, "percent_covered_display": "73", "missing_lines": 15, "excluded_lines": 1, "percent_statements_covered": 76.92307692307692, "percent_statements_covered_display": "77", "num_branches": 28, "num_partial_branches": 6, "covered_branches": 18, "missing_branches": 10, "percent_branches_covered": 64.28571428571429, "percent_branches_covered_display": "64"}, "missing_lines": [99, 103, 110, 111, 112, 113, 124, 125, 126, 127, 129, 146, 188, 189, 190], "excluded_lines": [174], "start_line": 21, "executed_branches": [[46, 47], [46, 49], [49, 50], [49, 56], [97, 98], [97, 165], [98, 101], [102, 105], [109, 116], [118, 119], [118, 144], [120, 121], [120, 122], [122, 123], [133, 118], [133, 134], [135, 136], [145, 148]], "missing_branches": [[98, 99], [102, 103], [109, 110], [122, 124], [124, 125], [124, 126], [126, 127], [126, 129], [135, 133], [145, 146]]}, "": {"executed_lines": [3, 5, 6, 7, 8, 10, 16, 18, 21, 36, 44, 65, 66, 69, 70, 73, 74, 84, 167, 178], "summary": {"covered_lines": 20, "num_statements": 20, "percent_covered": 100.0, "percent_covered_display": "100", "missing_lines": 0, "excluded_lines": 0, "percent_statements_covered": 100.0, "percent_statements_covered_display": "100", "num_branches": 0, "num_partial_branches": 0, "covered_branches": 0, "missing_branches": 0, "percent_branches_covered": 100.0, "percent_branches_covered_display": "100"}, "missing_lines": [], "excluded_lines": [], "start_line": 1, "executed_branches": [], "missing_branches": []}}}, "src/neural_memory/integration/adapters/mem0_adapter.py": {"executed_lines": [], "summary": {"covered_lines": 0, "num_statements": 170, "percent_covered": 0.0, "percent_covered_display": "0", "missing_lines": 170, "excluded_lines": 2, "percent_statements_covered": 0.0, "percent_statements_covered_display": "0", "num_branches": 54, "num_partial_branches": 0, "covered_branches": 0, "missing_branches": 54, "percent_branches_covered": 0.0, "percent_branches_covered_display": "0"}, "missing_lines": [3, 5, 6, 7, 8, 9, 11, 18, 19, 21, 24, 25, 28, 40, 41, 43, 44, 45, 47, 48, 49, 50, 52, 54, 55, 56, 57, 58, 59, 61, 62, 63, 64, 65, 66, 68, 70, 71, 72, 73, 74, 75, 76, 77, 78, 80, 91, 93, 96, 102, 107, 108, 109, 111, 115, 116, 117, 119, 120, 123, 124, 125, 137, 143, 145, 146, 147, 148, 149, 151, 156, 164, 183, 186, 190, 196, 197, 198, 199, 200, 202, 203, 207, 210, 215, 216, 217, 218, 219, 221, 229, 231, 232, 233, 237, 242, 243, 244, 252, 271, 274, 275, 276, 277, 278, 279, 280, 281, 282, 283, 285, 287, 288, 293, 294, 295, 296, 297, 298, 299, 300, 302, 326, 328, 329, 331, 333, 334, 338, 339, 340, 341, 343, 358, 360, 361, 365, 366, 367, 368, 371, 379, 385, 386, 388, 390, 391, 393, 394, 395, 399, 401, 403, 405, 406, 407, 410, 418, 424, 425, 427, 429, 430, 432, 433, 435, 437, 439, 440, 441], "excluded_lines": [113, 121], "executed_branches": [], "missing_branches": [[43, 44], [43, 93], [44, 45], [44, 47], [49, 50], [49, 52], [55, 56], [55, 61], [62, 63], [62, 68], [71, 72], [71, 75], [72, 73], [72, 75], [73, 72], [73, 74], [75, 76], [75, 77], [77, 78], [77, 80], [146, 147], [146, 148], [148, 149], [148, 151], [197, 198], [197, 199], [199, 200], [199, 202], [217, 218], [217, 219], [275, 276], [275, 277], [277, 278], [277, 279], [279, 280], [279, 281], [281, 282], [281, 283], [283, 285], [283, 287], [293, 294], [293, 297], [295, 296], [295, 297], [326, 328], [326, 331], [390, 391], [390, 403], [394, 395], [394, 401], [429, 430], [429, 437], [432, 433], [432, 435]], "functions": {"_parse_mem0_records": {"executed_lines": [], "summary": {"covered_lines": 0, "num_statements": 35, "percent_covered": 0.0, "percent_covered_display": "0", "missing_lines": 35, "excluded_lines": 0, "percent_statements_covered": 0.0, "percent_statements_covered_display": "0", "num_branches": 20, "num_partial_branches": 0, "covered_branches": 0, "missing_branches": 20, "percent_branches_covered": 0.0, "percent_branches_covered_display": "0"}, "missing_lines": [40, 41, 43, 44, 45, 47, 48, 49, 50, 52, 54, 55, 56, 57, 58, 59, 61, 62, 63, 64, 65, 66, 68, 70, 71, 72, 73, 74, 75, 76, 77, 78, 80, 91, 93], "excluded_lines": [], "start_line": 28, "executed_branches": [], "missing_branches": [[43, 44], [43, 93], [44, 45], [44, 47], [49, 50], [49, 52], [55, 56], [55, 61], [62, 63], [62, 68], [71, 72], [71, 75], [72, 73], [72, 75], [73, 72], [73, 74], [75, 76], [75, 77], [77, 78], [77, 80]]}, "_BaseMem0Adapter.__init__": {"executed_lines": [], "summary": {"covered_lines": 0, "num_statements": 3, "percent_covered": 0.0, "percent_covered_display": "0", "missing_lines": 3, "excluded_lines": 0, "percent_statements_covered": 0.0, "percent_statements_covered_display": "0", "num_branches": 0, "num_partial_branches": 0, "covered_branches": 0, "missing_branches": 0, "percent_branches_covered": 100.0, "percent_branches_covered_display": "100"}, "missing_lines": [107, 108, 109], "excluded_lines": [], "start_line": 102, "executed_branches": [], "missing_branches": []}, "_BaseMem0Adapter._get_client": {"executed_lines": [], "summary": {"covered_lines": 0, "num_statements": 0, "percent_covered": 100.0, "percent_covered_display": "100", "missing_lines": 0, "excluded_lines": 1, "percent_statements_covered": 100.0, "percent_statements_covered_display": "100", "num_branches": 0, "num_partial_branches": 0, "covered_branches": 0, "missing_branches": 0, "percent_branches_covered": 100.0, "percent_branches_covered_display": "100"}, "missing_lines": [], "excluded_lines": [113], "start_line": 111, "executed_branches": [], "missing_branches": []}, "_BaseMem0Adapter.system_type": {"executed_lines": [], "summary": {"covered_lines": 0, "num_statements": 1, "percent_covered": 0.0, "percent_covered_display": "0", "missing_lines": 1, "excluded_lines": 0, "percent_statements_covered": 0.0, "percent_statements_covered_display": "0", "num_branches": 0, "num_partial_branches": 0, "covered_branches": 0, "missing_branches": 0, "percent_branches_covered": 100.0, "percent_branches_covered_display": "100"}, "missing_lines": [117], "excluded_lines": [], "start_line": 116, "executed_branches": [], "missing_branches": []}, "_BaseMem0Adapter.system_name": {"executed_lines": [], "summary": {"covered_lines": 0, "num_statements": 0, "percent_covered": 100.0, "percent_covered_display": "100", "missing_lines": 0, "excluded_lines": 1, "percent_statements_covered": 100.0, "percent_statements_covered_display": "100", "num_branches": 0, "num_partial_branches": 0, "covered_branches": 0, "missing_branches": 0, "percent_branches_covered": 100.0, "percent_branches_covered_display": "100"}, "missing_lines": [], "excluded_lines": [121], "start_line": 120, "executed_branches": [], "missing_branches": []}, "_BaseMem0Adapter.capabilities": {"executed_lines": [], "summary": {"covered_lines": 0, "num_statements": 1, "percent_covered": 0.0, "percent_covered_display": "0", "missing_lines": 1, "excluded_lines": 0, "percent_statements_covered": 0.0, "percent_statements_covered_display": "0", "num_branches": 0, "num_partial_branches": 0, "covered_branches": 0, "missing_branches": 0, "percent_branches_covered": 100.0, "percent_branches_covered_display": "100"}, "missing_lines": [125], "excluded_lines": [], "start_line": 124, "executed_branches": [], "missing_branches": []}, "_BaseMem0Adapter.fetch_all": {"executed_lines": [], "summary": {"covered_lines": 0, "num_statements": 8, "percent_covered": 0.0, "percent_covered_display": "0", "missing_lines": 8, "excluded_lines": 0, "percent_statements_covered": 0.0, "percent_statements_covered_display": "0", "num_branches": 4, "num_partial_branches": 0, "covered_branches": 0, "missing_branches": 4, "percent_branches_covered": 0.0, "percent_branches_covered_display": "0"}, "missing_lines": [143, 145, 146, 147, 148, 149, 151, 156], "excluded_lines": [], "start_line": 137, "executed_branches": [], "missing_branches": [[146, 147], [146, 148], [148, 149], [148, 151]]}, "_BaseMem0Adapter.fetch_since": {"executed_lines": [], "summary": {"covered_lines": 0, "num_statements": 18, "percent_covered": 0.0, "percent_covered_display": "0", "missing_lines": 18, "excluded_lines": 0, "percent_statements_covered": 0.0, "percent_statements_covered_display": "0", "num_branches": 6, "num_partial_branches": 0, "covered_branches": 0, "missing_branches": 6, "percent_branches_covered": 0.0, "percent_branches_covered_display": "0"}, "missing_lines": [183, 186, 190, 196, 197, 198, 199, 200, 202, 203, 207, 210, 215, 216, 217, 218, 219, 221], "excluded_lines": [], "start_line": 164, "executed_branches": [], "missing_branches": [[197, 198], [197, 199], [199, 200], [199, 202], [217, 218], [217, 219]]}, "_BaseMem0Adapter.health_check": {"executed_lines": [], "summary": {"covered_lines": 0, "num_statements": 7, "percent_covered": 0.0, "percent_covered_display": "0", "missing_lines": 7, "excluded_lines": 0, "percent_statements_covered": 0.0, "percent_statements_covered_display": "0", "num_branches": 0, "num_partial_branches": 0, "covered_branches": 0, "missing_branches": 0, "percent_branches_covered": 100.0, "percent_branches_covered_display": "100"}, "missing_lines": [231, 232, 233, 237, 242, 243, 244], "excluded_lines": [], "start_line": 229, "executed_branches": [], "missing_branches": []}, "_BaseMem0Adapter.create_record": {"executed_lines": [], "summary": {"covered_lines": 0, "num_statements": 22, "percent_covered": 0.0, "percent_covered_display": "0", "missing_lines": 22, "excluded_lines": 0, "percent_statements_covered": 0.0, "percent_statements_covered_display": "0", "num_branches": 14, "num_partial_branches": 0, "covered_branches": 0, "missing_branches": 14, "percent_branches_covered": 0.0, "percent_branches_covered_display": "0"}, "missing_lines": [271, 274, 275, 276, 277, 278, 279, 280, 281, 282, 283, 285, 287, 288, 293, 294, 295, 296, 297, 298, 299, 300], "excluded_lines": [], "start_line": 252, "executed_branches": [], "missing_branches": [[275, 276], [275, 277], [277, 278], [277, 279], [279, 280], [279, 281], [281, 282], [281, 283], [283, 285], [283, 287], [293, 294], [293, 297], [295, 296], [295, 297]]}, "_BaseMem0Adapter.update_record": {"executed_lines": [], "summary": {"covered_lines": 0, "num_statements": 10, "percent_covered": 0.0, "percent_covered_display": "0", "missing_lines": 10, "excluded_lines": 0, "percent_statements_covered": 0.0, "percent_statements_covered_display": "0", "num_branches": 2, "num_partial_branches": 0, "covered_branches": 0, "missing_branches": 2, "percent_branches_covered": 0.0, "percent_branches_covered_display": "0"}, "missing_lines": [326, 328, 329, 331, 333, 334, 338, 339, 340, 341], "excluded_lines": [], "start_line": 302, "executed_branches": [], "missing_branches": [[326, 328], [326, 331]]}, "_BaseMem0Adapter.delete_record": {"executed_lines": [], "summary": {"covered_lines": 0, "num_statements": 7, "percent_covered": 0.0, "percent_covered_display": "0", "missing_lines": 7, "excluded_lines": 0, "percent_statements_covered": 0.0, "percent_statements_covered_display": "0", "num_branches": 0, "num_partial_branches": 0, "covered_branches": 0, "missing_branches": 0, "percent_branches_covered": 100.0, "percent_branches_covered_display": "100"}, "missing_lines": [358, 360, 361, 365, 366, 367, 368], "excluded_lines": [], "start_line": 343, "executed_branches": [], "missing_branches": []}, "Mem0Adapter.__init__": {"executed_lines": [], "summary": {"covered_lines": 0, "num_statements": 2, "percent_covered": 0.0, "percent_covered_display": "0", "missing_lines": 2, "excluded_lines": 0, "percent_statements_covered": 0.0, "percent_statements_covered_display": "0", "num_branches": 0, "num_partial_branches": 0, "covered_branches": 0, "missing_branches": 0, "percent_branches_covered": 100.0, "percent_branches_covered_display": "100"}, "missing_lines": [385, 386], "excluded_lines": [], "start_line": 379, "executed_branches": [], "missing_branches": []}, "Mem0Adapter._get_client": {"executed_lines": [], "summary": {"covered_lines": 0, "num_statements": 8, "percent_covered": 0.0, "percent_covered_display": "0", "missing_lines": 8, "excluded_lines": 0, "percent_statements_covered": 0.0, "percent_statements_covered_display": "0", "num_branches": 4, "num_partial_branches": 0, "covered_branches": 0, "missing_branches": 4, "percent_branches_covered": 0.0, "percent_branches_covered_display": "0"}, "missing_lines": [390, 391, 393, 394, 395, 399, 401, 403], "excluded_lines": [], "start_line": 388, "executed_branches": [], "missing_branches": [[390, 391], [390, 403], [394, 395], [394, 401]]}, "Mem0Adapter.system_name": {"executed_lines": [], "summary": {"covered_lines": 0, "num_statements": 1, "percent_covered": 0.0, "percent_covered_display": "0", "missing_lines": 1, "excluded_lines": 0, "percent_statements_covered": 0.0, "percent_statements_covered_display": "0", "num_branches": 0, "num_partial_branches": 0, "covered_branches": 0, "missing_branches": 0, "percent_branches_covered": 100.0, "percent_branches_covered_display": "100"}, "missing_lines": [407], "excluded_lines": [], "start_line": 406, "executed_branches": [], "missing_branches": []}, "Mem0SelfHostedAdapter.__init__": {"executed_lines": [], "summary": {"covered_lines": 0, "num_statements": 2, "percent_covered": 0.0, "percent_covered_display": "0", "missing_lines": 2, "excluded_lines": 0, "percent_statements_covered": 0.0, "percent_statements_covered_display": "0", "num_branches": 0, "num_partial_branches": 0, "covered_branches": 0, "missing_branches": 0, "percent_branches_covered": 100.0, "percent_branches_covered_display": "100"}, "missing_lines": [424, 425], "excluded_lines": [], "start_line": 418, "executed_branches": [], "missing_branches": []}, "Mem0SelfHostedAdapter._get_client": {"executed_lines": [], "summary": {"covered_lines": 0, "num_statements": 6, "percent_covered": 0.0, "percent_covered_display": "0", "missing_lines": 6, "excluded_lines": 0, "percent_statements_covered": 0.0, "percent_statements_covered_display": "0", "num_branches": 4, "num_partial_branches": 0, "covered_branches": 0, "missing_branches": 4, "percent_branches_covered": 0.0, "percent_branches_covered_display": "0"}, "missing_lines": [429, 430, 432, 433, 435, 437], "excluded_lines": [], "start_line": 427, "executed_branches": [], "missing_branches": [[429, 430], [429, 437], [432, 433], [432, 435]]}, "Mem0SelfHostedAdapter.system_name": {"executed_lines": [], "summary": {"covered_lines": 0, "num_statements": 1, "percent_covered": 0.0, "percent_covered_display": "0", "missing_lines": 1, "excluded_lines": 0, 
[...]
49], [225, 232], [226, 225], [236, 237], [301, 302], [304, 305], [304, 309], [309, 310], [309, 314], [315, 316], [315, 320], [321, 322], [321, 325], [342, 343], [342, 347], [350, 301], [350, 351]], "functions": {"SyncEngine.__init__": {"executed_lines": [52, 53, 54, 55], "summary": {"covered_lines": 4, "num_statements": 4, "percent_covered": 100.0, "percent_covered_display": "100", "missing_lines": 0, "excluded_lines": 0, "percent_statements_covered": 100.0, "percent_statements_covered_display": "100", "num_branches": 0, "num_partial_branches": 0, "covered_branches": 0, "missing_branches": 0, "percent_branches_covered": 100.0, "percent_branches_covered_display": "100"}, "missing_lines": [], "excluded_lines": [], "start_line": 46, "executed_branches": [], "missing_branches": []}, "SyncEngine.sync": {"executed_lines": [77, 78, 79, 80, 82, 83, 89, 96, 97, 105, 107, 108, 109, 110, 111, 112, 113, 115, 116, 117, 118, 119, 120, 122, 123, 124, 126, 128, 129, 130, 132, 135, 136, 139, 140, 148, 159, 161, 163, 165, 171, 183, 191], "summary": {"covered_lines": 43, "num_statements": 53, "percent_covered": 82.6086956521739, "percent_covered_display": "83", "missing_lines": 10, "excluded_lines": 0, "percent_statements_covered": 81.13207547169812, "percent_statements_covered_display": "81", "num_branches": 16, "num_partial_branches": 2, "covered_branches": 14, "missing_branches": 2, "percent_branches_covered": 87.5, "percent_branches_covered_display": "88"}, "missing_lines": [133, 142, 143, 144, 145, 149, 150, 154, 155, 156], "excluded_lines": [], "start_line": 57, "executed_branches": [[82, 83], [82, 89], [116, 117], [116, 148], [118, 119], [118, 122], [122, 123], [122, 126], [132, 135], [135, 136], [135, 139], [139, 116], [139, 140], [148, 159]], "missing_branches": [[132, 133], [148, 149]]}, "SyncEngine._fetch_records": {"executed_lines": [201, 205, 211], "summary": {"covered_lines": 3, "num_statements": 3, "percent_covered": 100.0, "percent_covered_display": "100", "missing_lines": 0, "excluded_lines": 0, "percent_statements_covered": 100.0, "percent_statements_covered_display": "100", "num_branches": 2, "num_partial_branches": 0, "covered_branches": 2, "missing_branches": 0, "percent_branches_covered": 100.0, "percent_branches_covered_display": "100"}, "missing_lines": [], "excluded_lines": [], "start_line": 193, "executed_branches": [[201, 205], [201, 211]], "missing_branches": []}, "SyncEngine._is_already_imported": {"executed_lines": [218, 222, 223, 225, 226, 230], "summary": {"covered_lines": 6, "num_statements": 7, "percent_covered": 76.92307692307692, "percent_covered_display": "77", "missing_lines": 1, "excluded_lines": 0, "percent_statements_covered": 85.71428571428571, "percent_statements_covered_display": "86", "num_branches": 6, "num_partial_branches": 2, "covered_branches": 4, "missing_branches": 2, "percent_branches_covered": 66.66666666666667, "percent_branches_covered_display": "67"}, "missing_lines": [232], "excluded_lines": [], "start_line": 216, "executed_branches": [[222, 223], [222, 225], [225, 226], [226, 230]], "missing_branches": [[225, 232], [226, 225]]}, "SyncEngine.health_check": {"executed_lines": [236, 241], "summary": {"covered_lines": 2, "num_statements": 3, "percent_covered": 60.0, "percent_covered_display": "60", "missing_lines": 1, "excluded_lines": 0, "percent_statements_covered": 66.66666666666667, "percent_statements_covered_display": "67", "num_branches": 2, "num_partial_branches": 1, "covered_branches": 1, "missing_branches": 1, "percent_branches_covered": 50.0, "percent_branches_covered_display": "50"}, "missing_lines": [237], "excluded_lines": [], "start_line": 234, "executed_branches": [[236, 241]], "missing_branches": [[236, 237]]}, "SyncEngine.export": {"executed_lines": [266, 268, 269, 270, 273, 274, 285, 286, 288, 295, 296, 297, 298, 299, 301, 358, 360, 371, 379], "summary": {"covered_lines": 19, "num_statements": 49, "percent_covered": 33.84615384615385, "percent_covered_display": "34", "missing_lines": 30, "excluded_lines": 0, "percent_statements_covered": 38.775510204081634, "percent_statements_covered_display": "39", "num_branches": 16, "num_partial_branches": 1, "covered_branches": 3, "missing_branches": 13, "percent_branches_covered": 18.75, "percent_branches_covered_display": "19"}, "missing_lines": [302, 304, 305, 306, 309, 310, 311, 314, 315, 316, 317, 320, 321, 322, 323, 325, 328, 335, 342, 343, 344, 345, 347, 348, 350, 351, 353, 354, 355, 356], "excluded_lines": [], "start_line": 243, "executed_branches": [[273, 274], [273, 285], [301, 358]], "missing_branches": [[301, 302], [304, 305], [304, 309], [309, 310], [309, 314], [315, 316], [315, 320], [321, 322], [321, 325], [342, 343], [342, 347], [350, 301], [350, 351]]}, "": {"executed_lines": [3, 5, 6, 7, 8, 10, 11, 19, 21, 28, 31, 34, 46, 57, 193, 216, 234, 243], "summary": {"covered_lines": 18, "num_statements": 18, "percent_covered": 100.0, "percent_covered_display": "100", "missing_lines": 0, "excluded_lines": 4, "percent_statements_covered": 100.0, "percent_statements_covered_display": "100", "num_branches": 0, "num_partial_branches": 0, "covered_branches": 0, "missing_branches": 0, "percent_branches_covered": 100.0, "percent_branches_covered_display": "100"}, "missing_lines": [], "excluded_lines": [23, 24, 25, 26], "start_line": 1, "executed_branches": [], "missing_branches": []}}, "classes": {"SyncEngine": {"executed_lines": [52, 53, 54, 55, 77, 78, 79, 80, 82, 83, 89, 96, 97, 105, 107, 108, 109, 110, 111, 112, 113, 115, 116, 117, 118, 119, 120, 122, 123, 124, 126, 128, 129, 130, 132, 135, 136, 139, 140, 148, 159, 161, 163, 165, 171, 183, 191, 201, 205, 211, 218, 222, 223, 225, 226, 230, 236, 241, 266, 268, 269, 270, 273, 274, 285, 286, 288, 295, 296, 297, 298, 299, 301, 358, 360, 371, 379], "summary": {"covered_lines": 77, "num_statements": 119, "percent_covered": 62.732919254658384, "percent_covered_display": "63", "missing_lines": 42, "excluded_lines": 0, "percent_statements_covered": 64.70588235294117, "percent_statements_covered_display": "65", "num_branches": 42, "num_partial_branches": 6, "covered_branches": 24, "missing_branches": 18, "percent_branches_covered": 57.142857142857146, "percent_branches_covered_display": "57"}, "missing_lines": [133, 142, 143, 144, 145, 149, 150, 154, 155, 156, 232, 237, 302, 304, 305, 306, 309, 310, 311, 314, 315, 316, 317, 320, 321, 322, 323, 325, 328, 335, 342, 343, 344, 345, 347, 348, 350, 351, 353, 354, 355, 356], "excluded_lines": [], "start_line": 34, "executed_branches": [[82, 83], [82, 89], [116, 117], [116, 148], [118, 119], [118, 122], [122, 123], [122, 126], [132, 135], [135, 136], [135, 139], [139, 116], [139, 140], [148, 159], [201, 205], [201, 211], [222, 223], [222, 225], [225, 226], [226, 230], [236, 241], [273, 274], [273, 285], [301, 358]], "missing_branches": [[132, 133], [148, 149], [225, 232], [226, 225], [236, 237], [301, 302], [304, 305], [304, 309], [309, 310], [309, 314], [315, 316], [315, 320], [321, 322], [321, 325], [342, 343], [342, 347], [350, 301], [350, 351]]}, "": {"executed_lines": [3, 5, 6, 7, 8, 10, 11, 19, 21, 28, 31, 34, 46, 57, 193, 216, 234, 243], "summary": {"covered_lines": 18, "num_statements": 18, "percent_covered": 100.0, "percent_covered_display": "100", "missing_lines": 0, "excluded_lines": 4, "percent_statements_covered": 100.0, "percent_statements_covered_display": "100", "num_branches": 0, "num_partial_branches": 0, "covered_branches": 0, "missing_branches": 0, "percent_branches_covered": 100.0, "percent_branches_covered_display": "100"}, "missing_lines": [], "excluded_lines": [23, 24, 25, 26], "start_line": 1, "executed_branches": [], "missing_branches": []}}}, "src/neural_memory/integration/telegram.py": {"executed_lines": [], "summary": {"covered_lines": 0, "num_statements": 119, "percent_covered": 0.0, "percent_covered_display": "0", "missing_lines": 119, "excluded_lines": 0, "percent_statements_covered": 0.0, "percent_statements_covered_display": "0", "num_branches": 24, "num_partial_branches": 0, "covered_branches": 0, "missing_branches": 24, "percent_branches_covered": 0.0, "percent_branches_covered_display": "0"}, "missing_lines": [7, 9, 10, 11, 12, 13, 15, 17, 20, 21, 24, 25, 26, 27, 30, 32, 34, 35, 36, 37, 38, 41, 43, 46, 49, 50, 52, 54, 56, 57, 58, 59, 60, 61, 62, 63, 64, 66, 68, 70, 71, 72, 73, 74, 75, 76, 77, 78, 80, 82, 84, 86, 87, 88, 99, 100, 101, 102, 111, 113, 120, 122, 123, 125, 126, 127, 128, 132, 133, 134, 140, 141, 142, 144, 146, 148, 150, 151, 153, 154, 156, 157, 159, 160, 162, 164, 165, 167, 168, 170, 171, 172, 173, 174, 175, 176, 177, 178, 180, 190, 194, 195, 198, 199, 200, 201, 202, 203, 206, 208, 209, 211, 212, 219, 220, 221, 222, 229, 230], "excluded_lines": [], "executed_branches": [], "missing_branches": [[36, 37], [36, 38], [60, 61], [60, 63], [74, 75], [74, 77], [87, 88], [87, 99], [100, 101], [100, 111], [122, 123], [122, 125], [127, 128], [127, 132], [140, 141], [140, 144], [153, 154], [153, 156], [159, 160], [159, 162], [170, 171], [170, 180], [211, 212], [211, 219]], "functions": {"get_telegram_config": {"executed_lines": [], "summary": {"covered_lines": 0, "num_statements": 6, "percent_covered": 0.0, "percent_covered_display": "0", "missing_lines": 6, "excluded_lines": 0, "percent_statements_covered": 0.0, "percent_statements_covered_display": "0", "num_branches": 2, "num_partial_branches": 0, "covered_branches": 0, "missing_branches": 2, "percent_branches_covered": 0.0, "percent_branches_covered_display": "0"}, "missing_lines": [32, 34, 35, 36, 37, 38], "excluded_lines": [], "start_line": 30, "executed_branches": [], "missing_branches": [[36, 37], [36, 38]]}, "get_bot_token": {"executed_lines": [], "summary": {"covered_lines": 0, "num_statements": 1, "percent_covered": 0.0, "percent_covered_display": "0", "missing_lines": 1, "excluded_lines": 0, "percent_statements_covered": 0.0, "percent_statements_covered_display": "0", "num_branches": 0, "num_partial_branches": 0, "covered_branches": 0, "missing_branches": 0, "percent_branches_covered": 100.0, "percent_branches_covered_display": "100"}, "missing_lines": [43], "excluded_lines": [], "start_line": 41, "executed_branches": [], "missing_branches": []}, "TelegramClient.__init__": {"executed_lines": [], "summary": {"covered_lines": 0, "num_statements": 1, "percent_covered": 0.0, "percent_covered_display": "0", "missing_lines": 1, "excluded_lines": 0, "percent_statements_covered": 0.0, "percent_statements_covered_display": "0", "num_branches": 0, "num_partial_branches": 0, "covered_branches": 0, "missing_branches": 0, "percent_branches_covered": 100.0, "percent_branches_covered_display": "100"}, "missing_lines": [50], "excluded_lines": [], "start_line": 49, "executed_branches": [], "missing_branches": []}, "TelegramClient._call": {"executed_lines": [], "summary": {"covered_lines": 0, "num_statements": 10, "percent_covered": 0.0, "percent_covered_display": "0", "missing_lines": 10, "excluded_lines": 0, "percent_statements_covered": 0.0, "percent_statements_covered_display": "0", "num_branches": 2, "num_partial_branches": 0, "covered_branches": 0, "missing_branches": 2, "percent_branches_covered": 0.0, "percent_branches_covered_display": "0"}, "missing_lines": [54, 56, 57, 58, 59, 60, 61, 62, 63, 64], "excluded_lines": [], "start_line": 52, "executed_branches": [], "missing_branches": [[60, 61], [60, 63]]}, "TelegramClient._call_form": {"executed_lines": [], "summary": {"covered_lines": 0, "num_statements": 10, "percent_covered": 0.0, "percent_covered_display": "0", "missing_lines": 10, "excluded_lines": 0, "percent_statements_covered": 0.0, "percent_statements_covered_display": "0", "num_branches": 2, "num_partial_branches": 0, "covered_branches": 0, "missing_branches": 2, "percent_branches_covered": 0.0, "percent_branches_covered_display": "0"}, "missing_lines": [68, 70, 71, 72, 73, 74, 75, 76, 77, 78], "excluded_lines": [], "start_line": 66, "executed_branches": [], "missing_branches": [[74, 75], [74, 77]]}, "TelegramClient.get_me": {"executed_lines": [], "summary": {"covered_lines": 0, "num_statements": 1, "percent_covered": 0.0, "percent_covered_display": "0", "missing_lines": 1, "excluded_lines": 0, "percent_statements_covered": 0.0, "percent_statements_covered_display": "0", "num_branches": 0, "num_partial_branches": 0, "covered_branches": 0, "missing_branches": 0, "percent_branches_covered": 100.0, "percent_branches_covered_display": "100"}, "missing_lines": [82], "excluded_lines": [], "start_line": 80, "executed_branches": [], "missing_branches": []}, "TelegramClient.send_message": {"executed_lines": [], "summary": {"covered_lines": 0, "num_statements": 8, "percent_covered": 0.0, "percent_covered_display": "0", "missing_lines": 8, "excluded_lines": 0, "percent_statements_covered": 0.0, "percent_statements_covered_display": "0", "num_branches": 4, "num_partial_branches": 0, "covered_branches": 0, "missing_branches": 4, "percent_branches_covered": 0.0, "percent_branches_covered_display": "0"}, "missing_lines": [86, 87, 88, 99, 100, 101, 102, 111], "excluded_lines": [], "start_line": 84, "executed_branches": [], "missing_branches": [[87, 88], [87, 99], [100, 101], [100, 111]]}, "TelegramClient.send_document": {"executed_lines": [], "summary": {"covered_lines": 0, "num_statements": 14, "percent_covered": 0.0, "percent_covered_display": "0", "missing_lines": 14, "excluded_lines": 0, "percent_statements_covered": 0.0, "percent_statements_covered_display": "0", "num_branches": 6, "num_partial_branches": 0, "covered_branches": 0, "missing_branches": 6, "percent_branches_covered": 0.0, "percent_branches_covered_display": "0"}, "missing_lines": [120, 122, 123, 125, 126, 127, 128, 132, 133, 134, 140, 141, 142, 144], "excluded_lines": [], "start_line": 113, "executed_branches": [], "missing_branches": [[122, 123], [122, 125], [127, 128], [127, 132], [140, 141], [140, 144]]}, "TelegramClient.backup_brain": {"executed_lines": [], "summary": {"covered_lines": 0, "num_statements": 24, "percent_covered": 0.0, "percent_covered_display": "0", "missing_lines": 24, "excluded_lines": 0, "percent_statements_covered": 0.0, "percent_statements_covered_display": "0", "num_branches": 6, "num_partial_branches": 0, "covered_branches": 0, "missing_branches": 6, "percent_branches_covered": 0.0, "percent_branches_covered_display": "0"}, "missing_lines": [148, 150, 151, 153, 154, 156, 157, 159, 160, 162, 164, 165, 167, 168, 170, 171, 172, 173, 174, 175, 176, 177, 178, 180], "excluded_lines": [], "start_line": 146, "executed_branches": [], "missing_branches": [[153, 154], [153, 156], [159, 160], [159, 162], [170, 171], [170, 180]]}, "get_telegram_status": {"executed_lines": [], "summary": {"covered_lines": 0, "num_statements": 10, "percent_covered": 0.0, "percent_covered_display": "0", "missing_lines": 10, "excluded_lines": 0, "percent_statements_covered": 0.0, "percent_statements_covered_display": "0", "num_branches": 2, "num_partial_branches": 0, "covered_branches": 0, "missing_branches": 2, "percent_branches_covered": 0.0, "percent_branches_covered_display": "0"}, "missing_lines": [208, 209, 211, 212, 219, 220, 221, 222, 229, 230], "excluded_lines": [], "start_line": 206, "executed_branches": [], "missing_branches": [[211, 212], [211, 219]]}, "": {"executed_lines": [], "summary": {"covered_lines": 0, "num_statements": 34, "percent_covered": 0.0, "percent_covered_display": "0", "missing_lines": 34, "excluded_lines": 0, "percent_statements_covered": 0.0, "percent_statements_covered_display": "0", "num_branches": 0, "num_partial_branches": 0, "covered_branches": 0, "missing_branches": 0, "percent_branches_covered": 100.0, "percent_branches_covered_display": "100"}, "missing_lines": [7, 9, 10, 11, 12, 13, 15, 17, 20, 21, 24, 25, 26, 27, 30, 41, 46, 49, 52, 66, 80, 84, 113, 146, 190, 194, 195, 198, 199, 200, 201, 202, 203, 206], "excluded_lines": [], "start_line": 1, "executed_branches": [], "missing_branches": []}}, "classes": {"TelegramConfig": {"executed_lines": [], "summary": {"covered_lines": 0, "num_statements": 0, "percent_covered": 100.0, "percent_covered_display": "100", "missing_lines": 0, "excluded_lines": 0, "percent_statements_covered": 100.0, "percent_statements_covered_display": "100", "num_branches": 0, "num_partial_branches": 0, "covered_branches": 0, "missing_branches": 0, "percent_branches_covered": 100.0, "percent_branches_covered_display": "100"}, "missing_lines": [], "excluded_lines": [], "start_line": 21, "executed_branches": [], "missing_branches": []}, "TelegramClient": {"executed_lines": [], "summary": {"covered_lines": 0, "num_statements": 68, "percent_covered": 0.0, "percent_covered_display": "0", "missing_lines": 68, "excluded_lines": 0, "percent_statements_covered": 0.0, "percent_statements_covered_display": "0", "num_branches": 20, "num_partial_branches": 0, "covered_branches": 0, "missing_branches": 20, "percent_branches_covered": 0.0, "percent_branches_covered_display": "0"}, "missing_lines": [50, 54, 56, 57, 58, 59, 60, 61, 62, 63, 64, 68, 70, 71, 72, 73, 74, 75, 76, 77, 78, 82, 86, 87, 88, 99, 100, 101, 102, 111, 120, 122, 123, 125, 126, 127, 128, 132, 133, 134, 140, 141, 142, 144, 148, 150, 151, 153, 154, 156, 157, 159, 160, 162, 164, 165, 167, 168, 170, 171, 172, 173, 174, 175, 176, 177, 178, 180], "excluded_lines": [], "start_line": 46, "executed_branches": [], "missing_branches": [[60, 61], [60, 63], [74, 75], [74, 77], [87, 88], [87, 99], [100, 101], [100, 111], [122, 123], [122, 125], [127, 128], [127, 132], [140, 141], [140, 144], [153, 154], [153, 156], [159, 160], [159, 162], [170, 171], [170, 180]]}, "TelegramError": {"executed_lines": [], "summary": {"covered_lines": 0, "num_statements": 0, "percent_covered": 100.0, "percent_covered_display": "100", "missing_lines": 0, "excluded_lines": 0, "percent_statements_covered": 100.0, "percent_statements_covered_display": "100", "num_branches": 0, "num_partial_branches": 0, "covered_branches": 0, "missing_branches": 0, "percent_branches_covered": 100.0, "percent_branches_covered_display": "100"}, "missing_lines": [], "excluded_lines": [], "start_line": 190, "executed_branches": [], "missing_branches": []}, "TelegramStatus": {"executed_lines": [], "summary": {"covered_lines": 0, "num_statements": 0, "percent_covered": 100.0, "percent_covered_display": "100", "missing_lines": 0, "excluded_lines": 0, "percent_statements_covered": 100.0, "percent_statements_covered_display": "100", "num_branches": 0, "num_partial_branches": 0, "covered_branches": 0, "missing_branches": 0, "percent_branches_covered": 100.0, "percent_branches_covered_display": "100"}, "missing_lines": [], "excluded_lines": [], "start_line": 195, "executed_branches": [], "missing_branches": []}, "": {"executed_lines": [], "summary": {"covered_lines": 0, "num_statements": 51, "percent_covered": 0.0, "percent_covered_display": "0", "missing_lines": 51, "excluded_lines": 0, "percent_statements_covered": 0.0, "percent_statements_covered_display": "0", "num_branches": 4, "num_partial_branches": 0, "covered_branches": 0, "missing_branches": 4, "percent_branches_covered": 0.0, "percent_branches_covered_display": "0"}, "missing_lines": [7, 9, 10, 11, 12, 13, 15, 17, 20, 21, 24, 25, 26, 27, 30, 32, 34, 35, 36, 37, 38, 41, 43, 46, 49, 52, 66, 80, 84, 113, 146, 190, 194, 195, 198, 199, 200, 201, 202, 203, 206, 208, 209, 211, 212, 219, 220, 221, 222, 229, 230], "excluded_lines": [], "start_line": 1, "executed_branches": [], "missing_branches": [[36, 37], [36, 38], [211, 212], [211, 219]]}}}}, "totals": {"covered_lines": 859, "num_statements": 1438, "percent_covered": 57.69644779332616, "percent_covered_display": "58", "missing_lines": 579, "excluded_lines": 15, "percent_statements_covered": 59.73574408901252, "percent_statements_covered_display": "60", "num_branches": 420, "num_partial_branches": 81, "covered_branches": 213, "missing_branches": 207, "percent_branches_covered": 50.714285714285715, "percent_branches_covered_display": "51"}}